<?xml version="1.0" encoding="UTF-8"?>
<coverage generated="1494109226016" clover="3.2.0">
  <project timestamp="1494109226017" name="All files">
    <metrics statements="140" coveredstatements="112" conditionals="47" coveredconditionals="30" methods="42" coveredmethods="35" elements="229" coveredelements="177" complexity="0" loc="140" ncloc="140" packages="10" files="15" classes="15">
      <package name="src">
        <metrics statements="4" coveredstatements="0" conditionals="4" coveredconditionals="0" methods="1" coveredmethods="0"/>
        <file name="index.js" path="/Users/anthonyng/Desktop/Projects/pomodoro_timer/src/index.js">
          <metrics statements="4" coveredstatements="0" conditionals="4" coveredconditionals="0" methods="1" coveredmethods="0"/>
          <line num="1" count="0" type="stmt"/>
          <line num="2" count="0" type="stmt"/>
          <line num="3" count="0" type="cond" truecount="0" falsecount="4"/>
          <line num="5" count="0" type="stmt"/>
        </file>
      </package>
      <package name="src.components.App">
        <metrics statements="43" coveredstatements="42" conditionals="13" coveredconditionals="11" methods="15" coveredmethods="15"/>
        <file name="index.js" path="/Users/anthonyng/Desktop/Projects/pomodoro_timer/src/components/App/index.js">
          <metrics statements="43" coveredstatements="42" conditionals="13" coveredconditionals="11" methods="15" coveredmethods="15"/>
          <line num="10" count="27" type="stmt"/>
          <line num="12" count="27" type="stmt"/>
          <line num="13" count="27" type="stmt"/>
          <line num="15" count="27" type="stmt"/>
          <line num="23" count="27" type="stmt"/>
          <line num="24" count="27" type="stmt"/>
          <line num="25" count="27" type="stmt"/>
          <line num="26" count="27" type="stmt"/>
          <line num="27" count="27" type="stmt"/>
          <line num="28" count="27" type="stmt"/>
          <line num="29" count="27" type="stmt"/>
          <line num="30" count="27" type="stmt"/>
          <line num="34" count="27" type="stmt"/>
          <line num="35" count="27" type="stmt"/>
          <line num="39" count="27" type="stmt"/>
          <line num="41" count="27" type="stmt"/>
          <line num="42" count="8" type="cond" truecount="2" falsecount="1"/>
          <line num="44" count="1" type="stmt"/>
          <line num="45" count="1" type="stmt"/>
          <line num="47" count="7" type="stmt"/>
          <line num="52" count="7" type="cond" truecount="1" falsecount="1"/>
          <line num="53" count="7" type="stmt"/>
          <line num="58" count="7" type="stmt"/>
          <line num="60" count="0" type="stmt"/>
          <line num="66" count="27" type="stmt"/>
          <line num="72" count="2" type="stmt"/>
          <line num="77" count="2" type="stmt"/>
          <line num="83" count="2" type="stmt"/>
          <line num="87" count="2" type="stmt"/>
          <line num="93" count="3" type="stmt"/>
          <line num="97" count="3" type="stmt"/>
          <line num="104" count="7" type="stmt"/>
          <line num="110" count="6" type="cond" truecount="2" falsecount="0"/>
          <line num="111" count="1" type="stmt"/>
          <line num="114" count="5" type="stmt"/>
          <line num="120" count="5" type="stmt"/>
          <line num="125" count="5" type="stmt"/>
          <line num="129" count="4" type="stmt"/>
          <line num="131" count="2" type="stmt"/>
          <line num="135" count="2" type="stmt"/>
          <line num="144" count="96" type="stmt"/>
          <line num="146" count="96" type="stmt"/>
          <line num="160" count="165" type="stmt"/>
        </file>
      </package>
      <package name="src.components.Button">
        <metrics statements="4" coveredstatements="4" conditionals="0" coveredconditionals="0" methods="1" coveredmethods="1"/>
        <file name="index.js" path="/Users/anthonyng/Desktop/Projects/pomodoro_timer/src/components/Button/index.js">
          <metrics statements="4" coveredstatements="4" conditionals="0" coveredconditionals="0" methods="1" coveredmethods="1"/>
          <line num="5" count="3" type="stmt"/>
          <line num="6" count="194" type="stmt"/>
          <line num="9" count="3" type="stmt"/>
          <line num="13" count="3" type="stmt"/>
        </file>
      </package>
      <package name="src.components.Task">
        <metrics statements="8" coveredstatements="8" conditionals="0" coveredconditionals="0" methods="2" coveredmethods="2"/>
        <file name="index.js" path="/Users/anthonyng/Desktop/Projects/pomodoro_timer/src/components/Task/index.js">
          <metrics statements="8" coveredstatements="8" conditionals="0" coveredconditionals="0" methods="2" coveredmethods="2"/>
          <line num="6" count="4" type="stmt"/>
          <line num="11" count="4" type="stmt"/>
          <line num="15" count="4" type="stmt"/>
          <line num="19" count="4" type="stmt"/>
          <line num="20" count="21" type="stmt"/>
          <line num="23" count="3" type="stmt"/>
          <line num="29" count="4" type="stmt"/>
          <line num="33" count="4" type="stmt"/>
        </file>
      </package>
      <package name="src.components.TaskInput">
        <metrics statements="10" coveredstatements="10" conditionals="2" coveredconditionals="2" methods="3" coveredmethods="3"/>
        <file name="index.js" path="/Users/anthonyng/Desktop/Projects/pomodoro_timer/src/components/TaskInput/index.js">
          <metrics statements="10" coveredstatements="10" conditionals="2" coveredconditionals="2" methods="3" coveredmethods="3"/>
          <line num="6" count="3" type="stmt"/>
          <line num="9" count="3" type="stmt"/>
          <line num="18" count="32" type="stmt"/>
          <line num="20" count="32" type="stmt"/>
          <line num="24" count="7" type="cond" truecount="2" falsecount="0"/>
          <line num="25" count="6" type="stmt"/>
          <line num="30" count="44" type="stmt"/>
          <line num="32" count="44" type="stmt"/>
          <line num="45" count="3" type="stmt"/>
          <line num="50" count="3" type="stmt"/>
        </file>
      </package>
      <package name="src.components.TaskList">
        <metrics statements="6" coveredstatements="6" conditionals="0" coveredconditionals="0" methods="2" coveredmethods="2"/>
        <file name="index.js" path="/Users/anthonyng/Desktop/Projects/pomodoro_timer/src/components/TaskList/index.js">
          <metrics statements="6" coveredstatements="6" conditionals="0" coveredconditionals="0" methods="2" coveredmethods="2"/>
          <line num="7" count="3" type="stmt"/>
          <line num="12" count="3" type="stmt"/>
          <line num="13" count="97" type="stmt"/>
          <line num="16" count="21" type="stmt"/>
          <line num="26" count="3" type="stmt"/>
          <line num="31" count="3" type="stmt"/>
        </file>
      </package>
      <package name="src.components.TimeDisplay">
        <metrics statements="5" coveredstatements="5" conditionals="0" coveredconditionals="0" methods="1" coveredmethods="1"/>
        <file name="index.js" path="/Users/anthonyng/Desktop/Projects/pomodoro_timer/src/components/TimeDisplay/index.js">
          <metrics statements="5" coveredstatements="5" conditionals="0" coveredconditionals="0" methods="1" coveredmethods="1"/>
          <line num="6" count="3" type="stmt"/>
          <line num="11" count="3" type="stmt"/>
          <line num="12" count="97" type="stmt"/>
          <line num="15" count="3" type="stmt"/>
          <line num="19" count="3" type="stmt"/>
        </file>
      </package>
      <package name="src.components.TimerApp">
        <metrics statements="4" coveredstatements="4" conditionals="4" coveredconditionals="4" methods="1" coveredmethods="1"/>
        <file name="index.js" path="/Users/anthonyng/Desktop/Projects/pomodoro_timer/src/components/TimerApp/index.js">
          <metrics statements="4" coveredstatements="4" conditionals="4" coveredconditionals="4" methods="1" coveredmethods="1"/>
          <line num="9" count="2" type="stmt"/>
          <line num="21" count="103" type="stmt"/>
          <line num="49" count="2" type="stmt"/>
          <line num="58" count="2" type="stmt"/>
        </file>
      </package>
      <package name="src.components.WebNotifications">
        <metrics statements="15" coveredstatements="15" conditionals="13" coveredconditionals="13" methods="5" coveredmethods="5"/>
        <file name="index.js" path="/Users/anthonyng/Desktop/Projects/pomodoro_timer/src/components/WebNotifications/index.js">
          <metrics statements="15" coveredstatements="15" conditionals="13" coveredconditionals="13" methods="5" coveredmethods="5"/>
          <line num="5" count="8" type="stmt"/>
          <line num="7" count="8" type="stmt"/>
          <line num="11" count="8" type="cond" truecount="2" falsecount="0"/>
          <line num="13" count="1" type="stmt"/>
          <line num="15" count="7" type="cond" truecount="2" falsecount="0"/>
          <line num="17" count="3" type="stmt"/>
          <line num="18" count="3" type="stmt"/>
          <line num="20" count="4" type="cond" truecount="2" falsecount="0"/>
          <line num="21" count="3" type="stmt"/>
          <line num="22" count="3" type="cond" truecount="2" falsecount="0"/>
          <line num="23" count="1" type="stmt"/>
          <line num="30" count="7" type="cond" truecount="2" falsecount="0"/>
          <line num="32" count="4" type="stmt"/>
          <line num="36" count="4" type="stmt"/>
          <line num="40" count="8" type="stmt"/>
        </file>
      </package>
      <package name="src.utility">
        <metrics statements="41" coveredstatements="18" conditionals="11" coveredconditionals="0" methods="11" coveredmethods="5"/>
        <file name="localStorage.js" path="/Users/anthonyng/Desktop/Projects/pomodoro_timer/src/utility/localStorage.js">
          <metrics statements="9" coveredstatements="9" conditionals="0" coveredconditionals="0" methods="3" coveredmethods="3"/>
          <line num="1" count="2" type="stmt"/>
          <line num="2" count="2" type="stmt"/>
          <line num="4" count="2" type="stmt"/>
          <line num="5" count="2" type="stmt"/>
          <line num="6" count="2" type="stmt"/>
          <line num="8" count="1" type="stmt"/>
          <line num="12" count="2" type="stmt"/>
          <line num="13" count="1" type="stmt"/>
          <line num="16" count="2" type="stmt"/>
        </file>
        <file name="noop.js" path="/Users/anthonyng/Desktop/Projects/pomodoro_timer/src/utility/noop.js">
          <metrics statements="0" coveredstatements="0" conditionals="0" coveredconditionals="0" methods="1" coveredmethods="0"/>
        </file>
        <file name="timeFormatter.js" path="/Users/anthonyng/Desktop/Projects/pomodoro_timer/src/utility/timeFormatter.js">
          <metrics statements="9" coveredstatements="9" conditionals="0" coveredconditionals="0" methods="2" coveredmethods="2"/>
          <line num="1" count="4" type="stmt"/>
          <line num="2" count="202" type="stmt"/>
          <line num="4" count="202" type="stmt"/>
          <line num="5" count="105" type="stmt"/>
          <line num="8" count="202" type="stmt"/>
          <line num="11" count="4" type="stmt"/>
          <line num="12" count="101" type="stmt"/>
          <line num="13" count="101" type="stmt"/>
          <line num="15" count="101" type="stmt"/>
        </file>
        <file name="uuid.js" path="/Users/anthonyng/Desktop/Projects/pomodoro_timer/src/utility/uuid.js">
          <metrics statements="2" coveredstatements="0" conditionals="2" coveredconditionals="0" methods="1" coveredmethods="0"/>
          <line num="1" count="0" type="stmt"/>
          <line num="4" count="0" type="cond" truecount="0" falsecount="2"/>
        </file>
        <file name="webworker.js" path="/Users/anthonyng/Desktop/Projects/pomodoro_timer/src/utility/webworker.js">
          <metrics statements="20" coveredstatements="0" conditionals="9" coveredconditionals="0" methods="4" coveredmethods="0"/>
          <line num="1" count="0" type="stmt"/>
          <line num="2" count="0" type="stmt"/>
          <line num="4" count="0" type="cond" truecount="0" falsecount="4"/>
          <line num="5" count="0" type="stmt"/>
          <line num="6" count="0" type="stmt"/>
          <line num="9" count="0" type="stmt"/>
          <line num="10" count="0" type="stmt"/>
          <line num="12" count="0" type="stmt"/>
          <line num="17" count="0" type="cond" truecount="0" falsecount="2"/>
          <line num="18" count="0" type="stmt"/>
          <line num="19" count="0" type="stmt"/>
          <line num="25" count="0" type="stmt"/>
          <line num="26" count="0" type="stmt"/>
          <line num="29" count="0" type="stmt"/>
          <line num="30" count="0" type="cond" truecount="0" falsecount="3"/>
          <line num="32" count="0" type="stmt"/>
          <line num="33" count="0" type="stmt"/>
          <line num="35" count="0" type="stmt"/>
          <line num="36" count="0" type="stmt"/>
          <line num="38" count="0" type="stmt"/>
        </file>
        <file name="webworkerWrapper.js" path="/Users/anthonyng/Desktop/Projects/pomodoro_timer/src/utility/webworkerWrapper.js">
          <metrics statements="1" coveredstatements="0" conditionals="0" coveredconditionals="0" methods="0" coveredmethods="0"/>
          <line num="1" count="0" type="stmt"/>
        </file>
      </package>
    </metrics>
  </project>
</coverage>
