<?xml version="1.0" encoding="UTF-8"?>
<coverage generated="1494593165424" clover="3.2.0">
  <project timestamp="1494593165425" name="All files">
    <metrics statements="156" coveredstatements="128" conditionals="53" coveredconditionals="35" methods="45" coveredmethods="38" elements="254" coveredelements="201" complexity="0" loc="156" ncloc="156" packages="11" files="16" classes="16">
      <package name="src">
        <metrics statements="4" coveredstatements="0" conditionals="4" coveredconditionals="0" methods="1" coveredmethods="0"/>
        <file name="index.js" path="/Users/anthonyng/Desktop/Projects/pomodoro_timer/src/index.js">
          <metrics statements="4" coveredstatements="0" conditionals="4" coveredconditionals="0" methods="1" coveredmethods="0"/>
          <line num="1" count="0" type="stmt"/>
          <line num="2" count="0" type="stmt"/>
          <line num="3" count="0" type="cond" truecount="0" falsecount="4"/>
          <line num="5" count="0" type="stmt"/>
        </file>
      </package>
      <package name="src.components.App">
        <metrics statements="58" coveredstatements="57" conditionals="19" coveredconditionals="17" methods="17" coveredmethods="17"/>
        <file name="index.js" path="/Users/anthonyng/Desktop/Projects/pomodoro_timer/src/components/App/index.js">
          <metrics statements="58" coveredstatements="57" conditionals="19" coveredconditionals="17" methods="17" coveredmethods="17"/>
          <line num="12" count="35" type="stmt"/>
          <line num="14" count="35" type="stmt"/>
          <line num="15" count="35" type="stmt"/>
          <line num="17" count="35" type="stmt"/>
          <line num="25" count="35" type="stmt"/>
          <line num="26" count="35" type="stmt"/>
          <line num="27" count="35" type="stmt"/>
          <line num="28" count="35" type="stmt"/>
          <line num="29" count="35" type="stmt"/>
          <line num="30" count="35" type="stmt"/>
          <line num="31" count="35" type="stmt"/>
          <line num="32" count="35" type="stmt"/>
          <line num="33" count="35" type="stmt"/>
          <line num="34" count="35" type="stmt"/>
          <line num="38" count="35" type="stmt"/>
          <line num="39" count="35" type="stmt"/>
          <line num="41" count="35" type="stmt"/>
          <line num="45" count="35" type="stmt"/>
          <line num="47" count="35" type="stmt"/>
          <line num="48" count="8" type="cond" truecount="2" falsecount="0"/>
          <line num="50" count="1" type="stmt"/>
          <line num="51" count="1" type="stmt"/>
          <line num="53" count="7" type="stmt"/>
          <line num="58" count="7" type="cond" truecount="1" falsecount="1"/>
          <line num="59" count="7" type="stmt"/>
          <line num="64" count="7" type="stmt"/>
          <line num="70" count="5" type="cond" truecount="2" falsecount="0"/>
          <line num="72" count="4" type="cond" truecount="3" falsecount="0"/>
          <line num="74" count="2" type="cond" truecount="2" falsecount="0"/>
          <line num="75" count="1" type="stmt"/>
          <line num="77" count="1" type="stmt"/>
          <line num="79" count="2" type="stmt"/>
          <line num="81" count="1" type="stmt"/>
          <line num="82" count="1" type="stmt"/>
          <line num="84" count="1" type="stmt"/>
          <line num="85" count="1" type="stmt"/>
          <line num="90" count="35" type="stmt"/>
          <line num="96" count="2" type="stmt"/>
          <line num="101" count="2" type="stmt"/>
          <line num="107" count="2" type="stmt"/>
          <line num="111" count="2" type="stmt"/>
          <line num="117" count="4" type="stmt"/>
          <line num="121" count="4" type="stmt"/>
          <line num="129" count="6" type="stmt"/>
          <line num="135" count="4" type="cond" truecount="1" falsecount="1"/>
          <line num="136" count="0" type="stmt"/>
          <line num="139" count="4" type="stmt"/>
          <line num="145" count="4" type="stmt"/>
          <line num="150" count="4" type="stmt"/>
          <line num="154" count="4" type="stmt"/>
          <line num="156" count="2" type="stmt"/>
          <line num="160" count="2" type="stmt"/>
          <line num="164" count="2" type="stmt"/>
          <line num="165" count="2" type="stmt"/>
          <line num="167" count="2" type="stmt"/>
          <line num="176" count="117" type="stmt"/>
          <line num="178" count="117" type="stmt"/>
          <line num="195" count="199" type="stmt"/>
        </file>
      </package>
      <package name="src.components.Button">
        <metrics statements="4" coveredstatements="4" conditionals="0" coveredconditionals="0" methods="1" coveredmethods="1"/>
        <file name="index.js" path="/Users/anthonyng/Desktop/Projects/pomodoro_timer/src/components/Button/index.js">
          <metrics statements="4" coveredstatements="4" conditionals="0" coveredconditionals="0" methods="1" coveredmethods="1"/>
          <line num="5" count="3" type="stmt"/>
          <line num="6" count="353" type="stmt"/>
          <line num="9" count="3" type="stmt"/>
          <line num="13" count="3" type="stmt"/>
        </file>
      </package>
      <package name="src.components.Task">
        <metrics statements="8" coveredstatements="8" conditionals="0" coveredconditionals="0" methods="2" coveredmethods="2"/>
        <file name="index.js" path="/Users/anthonyng/Desktop/Projects/pomodoro_timer/src/components/Task/index.js">
          <metrics statements="8" coveredstatements="8" conditionals="0" coveredconditionals="0" methods="2" coveredmethods="2"/>
          <line num="6" count="4" type="stmt"/>
          <line num="11" count="4" type="stmt"/>
          <line num="15" count="4" type="stmt"/>
          <line num="19" count="4" type="stmt"/>
          <line num="20" count="22" type="stmt"/>
          <line num="23" count="3" type="stmt"/>
          <line num="29" count="4" type="stmt"/>
          <line num="33" count="4" type="stmt"/>
        </file>
      </package>
      <package name="src.components.TaskInput">
        <metrics statements="6" coveredstatements="6" conditionals="0" coveredconditionals="0" methods="1" coveredmethods="1"/>
        <file name="index.js" path="/Users/anthonyng/Desktop/Projects/pomodoro_timer/src/components/TaskInput/index.js">
          <metrics statements="6" coveredstatements="6" conditionals="0" coveredconditionals="0" methods="1" coveredmethods="1"/>
          <line num="6" count="3" type="stmt"/>
          <line num="9" count="3" type="stmt"/>
          <line num="17" count="3" type="stmt"/>
          <line num="18" count="120" type="stmt"/>
          <line num="27" count="3" type="stmt"/>
          <line num="32" count="3" type="stmt"/>
        </file>
      </package>
      <package name="src.components.TaskList">
        <metrics statements="6" coveredstatements="6" conditionals="0" coveredconditionals="0" methods="2" coveredmethods="2"/>
        <file name="index.js" path="/Users/anthonyng/Desktop/Projects/pomodoro_timer/src/components/TaskList/index.js">
          <metrics statements="6" coveredstatements="6" conditionals="0" coveredconditionals="0" methods="2" coveredmethods="2"/>
          <line num="7" count="3" type="stmt"/>
          <line num="14" count="3" type="stmt"/>
          <line num="15" count="118" type="stmt"/>
          <line num="18" count="22" type="stmt"/>
          <line num="28" count="3" type="stmt"/>
          <line num="33" count="3" type="stmt"/>
        </file>
      </package>
      <package name="src.components.TimeDisplay">
        <metrics statements="5" coveredstatements="5" conditionals="0" coveredconditionals="0" methods="1" coveredmethods="1"/>
        <file name="index.js" path="/Users/anthonyng/Desktop/Projects/pomodoro_timer/src/components/TimeDisplay/index.js">
          <metrics statements="5" coveredstatements="5" conditionals="0" coveredconditionals="0" methods="1" coveredmethods="1"/>
          <line num="6" count="3" type="stmt"/>
          <line num="11" count="3" type="stmt"/>
          <line num="12" count="118" type="stmt"/>
          <line num="15" count="3" type="stmt"/>
          <line num="19" count="3" type="stmt"/>
        </file>
      </package>
      <package name="src.components.TimerApp">
        <metrics statements="4" coveredstatements="4" conditionals="4" coveredconditionals="4" methods="1" coveredmethods="1"/>
        <file name="index.js" path="/Users/anthonyng/Desktop/Projects/pomodoro_timer/src/components/TimerApp/index.js">
          <metrics statements="4" coveredstatements="4" conditionals="4" coveredconditionals="4" methods="1" coveredmethods="1"/>
          <line num="9" count="2" type="stmt"/>
          <line num="22" count="125" type="stmt"/>
          <line num="55" count="2" type="stmt"/>
          <line num="65" count="2" type="stmt"/>
        </file>
      </package>
      <package name="src.components.Title">
        <metrics statements="6" coveredstatements="6" conditionals="2" coveredconditionals="1" methods="3" coveredmethods="3"/>
        <file name="index.js" path="/Users/anthonyng/Desktop/Projects/pomodoro_timer/src/components/Title/index.js">
          <metrics statements="6" coveredstatements="6" conditionals="2" coveredconditionals="1" methods="3" coveredmethods="3"/>
          <line num="6" count="36" type="stmt"/>
          <line num="8" count="36" type="stmt"/>
          <line num="12" count="8" type="cond" truecount="1" falsecount="1"/>
          <line num="13" count="8" type="stmt"/>
          <line num="18" count="44" type="stmt"/>
          <line num="22" count="2" type="stmt"/>
        </file>
      </package>
      <package name="src.components.WebNotifications">
        <metrics statements="14" coveredstatements="14" conditionals="13" coveredconditionals="13" methods="5" coveredmethods="5"/>
        <file name="index.js" path="/Users/anthonyng/Desktop/Projects/pomodoro_timer/src/components/WebNotifications/index.js">
          <metrics statements="14" coveredstatements="14" conditionals="13" coveredconditionals="13" methods="5" coveredmethods="5"/>
          <line num="5" count="8" type="stmt"/>
          <line num="7" count="8" type="stmt"/>
          <line num="11" count="8" type="cond" truecount="2" falsecount="0"/>
          <line num="13" count="1" type="stmt"/>
          <line num="15" count="7" type="cond" truecount="2" falsecount="0"/>
          <line num="16" count="3" type="stmt"/>
          <line num="18" count="4" type="cond" truecount="2" falsecount="0"/>
          <line num="19" count="3" type="stmt"/>
          <line num="20" count="3" type="cond" truecount="2" falsecount="0"/>
          <line num="21" count="1" type="stmt"/>
          <line num="28" count="7" type="cond" truecount="2" falsecount="0"/>
          <line num="30" count="4" type="stmt"/>
          <line num="34" count="4" type="stmt"/>
          <line num="38" count="8" type="stmt"/>
        </file>
      </package>
      <package name="src.utility">
        <metrics statements="41" coveredstatements="18" conditionals="11" coveredconditionals="0" methods="11" coveredmethods="5"/>
        <file name="localStorage.js" path="/Users/anthonyng/Desktop/Projects/pomodoro_timer/src/utility/localStorage.js">
          <metrics statements="9" coveredstatements="9" conditionals="0" coveredconditionals="0" methods="3" coveredmethods="3"/>
          <line num="1" count="2" type="stmt"/>
          <line num="2" count="2" type="stmt"/>
          <line num="4" count="2" type="stmt"/>
          <line num="5" count="2" type="stmt"/>
          <line num="6" count="2" type="stmt"/>
          <line num="8" count="1" type="stmt"/>
          <line num="12" count="2" type="stmt"/>
          <line num="13" count="1" type="stmt"/>
          <line num="16" count="2" type="stmt"/>
        </file>
        <file name="noop.js" path="/Users/anthonyng/Desktop/Projects/pomodoro_timer/src/utility/noop.js">
          <metrics statements="0" coveredstatements="0" conditionals="0" coveredconditionals="0" methods="1" coveredmethods="0"/>
        </file>
        <file name="timeFormatter.js" path="/Users/anthonyng/Desktop/Projects/pomodoro_timer/src/utility/timeFormatter.js">
          <metrics statements="9" coveredstatements="9" conditionals="0" coveredconditionals="0" methods="2" coveredmethods="2"/>
          <line num="1" count="4" type="stmt"/>
          <line num="2" count="478" type="stmt"/>
          <line num="4" count="478" type="stmt"/>
          <line num="5" count="247" type="stmt"/>
          <line num="8" count="478" type="stmt"/>
          <line num="11" count="4" type="stmt"/>
          <line num="12" count="239" type="stmt"/>
          <line num="13" count="239" type="stmt"/>
          <line num="15" count="239" type="stmt"/>
        </file>
        <file name="uuid.js" path="/Users/anthonyng/Desktop/Projects/pomodoro_timer/src/utility/uuid.js">
          <metrics statements="2" coveredstatements="0" conditionals="2" coveredconditionals="0" methods="1" coveredmethods="0"/>
          <line num="1" count="0" type="stmt"/>
          <line num="4" count="0" type="cond" truecount="0" falsecount="2"/>
        </file>
        <file name="webworker.js" path="/Users/anthonyng/Desktop/Projects/pomodoro_timer/src/utility/webworker.js">
          <metrics statements="20" coveredstatements="0" conditionals="9" coveredconditionals="0" methods="4" coveredmethods="0"/>
          <line num="1" count="0" type="stmt"/>
          <line num="2" count="0" type="stmt"/>
          <line num="4" count="0" type="cond" truecount="0" falsecount="4"/>
          <line num="5" count="0" type="stmt"/>
          <line num="6" count="0" type="stmt"/>
          <line num="9" count="0" type="stmt"/>
          <line num="10" count="0" type="stmt"/>
          <line num="12" count="0" type="stmt"/>
          <line num="17" count="0" type="cond" truecount="0" falsecount="2"/>
          <line num="18" count="0" type="stmt"/>
          <line num="19" count="0" type="stmt"/>
          <line num="25" count="0" type="stmt"/>
          <line num="26" count="0" type="stmt"/>
          <line num="29" count="0" type="stmt"/>
          <line num="30" count="0" type="cond" truecount="0" falsecount="3"/>
          <line num="32" count="0" type="stmt"/>
          <line num="33" count="0" type="stmt"/>
          <line num="35" count="0" type="stmt"/>
          <line num="36" count="0" type="stmt"/>
          <line num="38" count="0" type="stmt"/>
        </file>
        <file name="webworkerWrapper.js" path="/Users/anthonyng/Desktop/Projects/pomodoro_timer/src/utility/webworkerWrapper.js">
          <metrics statements="1" coveredstatements="0" conditionals="0" coveredconditionals="0" methods="0" coveredmethods="0"/>
          <line num="1" count="0" type="stmt"/>
        </file>
      </package>
    </metrics>
  </project>
</coverage>
