{"/Users/anthonyng/Desktop/Projects/pomodoro_timer/src/index.js": {"path":"/Users/anthonyng/Desktop/Projects/pomodoro_timer/src/index.js","statementMap":{"0":{"start":{"line":1,"column":26},"end":{"line":1,"column":42}},"1":{"start":{"line":1,"column":57},"end":{"line":1,"column":87}},"2":{"start":{"line":2,"column":16},"end":{"line":2,"column":36}},"3":{"start":{"line":3,"column":11},"end":{"line":3,"column":38}},"4":{"start":{"line":3,"column":51},"end":{"line":3,"column":79}},"5":{"start":{"line":3,"column":118},"end":{"line":3,"column":172}},"6":{"start":{"line":5,"column":0},"end":{"line":7,"column":38}}},"fnMap":{"0":{"name":"_interopRequireDefault","decl":{"start":{"line":3,"column":89},"end":{"line":3,"column":111}},"loc":{"start":{"line":3,"column":117},"end":{"line":3,"column":173}},"line":3}},"branchMap":{"0":{"loc":{"start":{"line":3,"column":125},"end":{"line":3,"column":171}},"type":"cond-expr","locations":[{"start":{"line":3,"column":149},"end":{"line":3,"column":152}},{"start":{"line":3,"column":155},"end":{"line":3,"column":171}}],"line":3},"1":{"loc":{"start":{"line":3,"column":125},"end":{"line":3,"column":146}},"type":"binary-expr","locations":[{"start":{"line":3,"column":125},"end":{"line":3,"column":128}},{"start":{"line":3,"column":132},"end":{"line":3,"column":146}}],"line":3}},"s":{"0":0,"1":0,"2":0,"3":0,"4":0,"5":0,"6":0},"f":{"0":0},"b":{"0":[0,0],"1":[0,0]}}
,"/Users/anthonyng/Desktop/Projects/pomodoro_timer/src/components/App/index.js": {"path":"/Users/anthonyng/Desktop/Projects/pomodoro_timer/src/components/App/index.js","statementMap":{"0":{"start":{"line":12,"column":4},"end":{"line":12,"column":12}},"1":{"start":{"line":14,"column":4},"end":{"line":14,"column":36}},"2":{"start":{"line":15,"column":4},"end":{"line":15,"column":36}},"3":{"start":{"line":17,"column":4},"end":{"line":23,"column":6}},"4":{"start":{"line":25,"column":4},"end":{"line":25,"column":53}},"5":{"start":{"line":26,"column":4},"end":{"line":26,"column":49}},"6":{"start":{"line":27,"column":4},"end":{"line":27,"column":75}},"7":{"start":{"line":28,"column":4},"end":{"line":28,"column":59}},"8":{"start":{"line":29,"column":4},"end":{"line":29,"column":61}},"9":{"start":{"line":30,"column":4},"end":{"line":30,"column":61}},"10":{"start":{"line":31,"column":4},"end":{"line":31,"column":71}},"11":{"start":{"line":32,"column":4},"end":{"line":32,"column":61}},"12":{"start":{"line":33,"column":4},"end":{"line":33,"column":63}},"13":{"start":{"line":34,"column":4},"end":{"line":34,"column":67}},"14":{"start":{"line":38,"column":4},"end":{"line":38,"column":24}},"15":{"start":{"line":39,"column":4},"end":{"line":39,"column":22}},"16":{"start":{"line":41,"column":4},"end":{"line":41,"column":72}},"17":{"start":{"line":45,"column":4},"end":{"line":45,"column":41}},"18":{"start":{"line":47,"column":4},"end":{"line":66,"column":6}},"19":{"start":{"line":48,"column":6},"end":{"line":65,"column":7}},"20":{"start":{"line":50,"column":8},"end":{"line":50,"column":49}},"21":{"start":{"line":51,"column":8},"end":{"line":51,"column":14}},"22":{"start":{"line":53,"column":8},"end":{"line":63,"column":11}},"23":{"start":{"line":58,"column":10},"end":{"line":62,"column":11}},"24":{"start":{"line":59,"column":12},"end":{"line":61,"column":15}},"25":{"start":{"line":64,"column":8},"end":{"line":64,"column":14}},"26":{"start":{"line":70,"column":4},"end":{"line":70,"column":27}},"27":{"start":{"line":70,"column":20},"end":{"line":70,"column":27}},"28":{"start":{"line":72,"column":4},"end":{"line":86,"column":5}},"29":{"start":{"line":74,"column":6},"end":{"line":78,"column":7}},"30":{"start":{"line":75,"column":8},"end":{"line":75,"column":32}},"31":{"start":{"line":77,"column":8},"end":{"line":77,"column":31}},"32":{"start":{"line":79,"column":6},"end":{"line":79,"column":12}},"33":{"start":{"line":81,"column":6},"end":{"line":81,"column":30}},"34":{"start":{"line":82,"column":6},"end":{"line":82,"column":12}},"35":{"start":{"line":84,"column":6},"end":{"line":84,"column":30}},"36":{"start":{"line":85,"column":6},"end":{"line":85,"column":12}},"37":{"start":{"line":90,"column":4},"end":{"line":92,"column":7}},"38":{"start":{"line":96,"column":4},"end":{"line":99,"column":7}},"39":{"start":{"line":101,"column":4},"end":{"line":103,"column":7}},"40":{"start":{"line":107,"column":4},"end":{"line":109,"column":7}},"41":{"start":{"line":111,"column":4},"end":{"line":113,"column":7}},"42":{"start":{"line":117,"column":4},"end":{"line":119,"column":7}},"43":{"start":{"line":121,"column":4},"end":{"line":125,"column":7}},"44":{"start":{"line":129,"column":4},"end":{"line":131,"column":7}},"45":{"start":{"line":135,"column":4},"end":{"line":137,"column":5}},"46":{"start":{"line":136,"column":6},"end":{"line":136,"column":13}},"47":{"start":{"line":139,"column":21},"end":{"line":143,"column":31}},"48":{"start":{"line":145,"column":4},"end":{"line":148,"column":7}},"49":{"start":{"line":150,"column":4},"end":{"line":150,"column":31}},"50":{"start":{"line":154,"column":21},"end":{"line":154,"column":70}},"51":{"start":{"line":154,"column":55},"end":{"line":154,"column":69}},"52":{"start":{"line":156,"column":4},"end":{"line":158,"column":7}},"53":{"start":{"line":160,"column":4},"end":{"line":160,"column":31}},"54":{"start":{"line":164,"column":18},"end":{"line":164,"column":20}},"55":{"start":{"line":165,"column":4},"end":{"line":165,"column":29}},"56":{"start":{"line":167,"column":4},"end":{"line":167,"column":28}},"57":{"start":{"line":176,"column":8},"end":{"line":176,"column":18}},"58":{"start":{"line":178,"column":4},"end":{"line":197,"column":6}},"59":{"start":{"line":195,"column":49},"end":{"line":195,"column":81}}},"fnMap":{"0":{"name":"(anonymous_0)","decl":{"start":{"line":11,"column":2},"end":{"line":11,"column":3}},"loc":{"start":{"line":11,"column":16},"end":{"line":35,"column":3}},"line":11},"1":{"name":"(anonymous_1)","decl":{"start":{"line":37,"column":2},"end":{"line":37,"column":3}},"loc":{"start":{"line":37,"column":22},"end":{"line":42,"column":3}},"line":37},"2":{"name":"(anonymous_2)","decl":{"start":{"line":44,"column":2},"end":{"line":44,"column":3}},"loc":{"start":{"line":44,"column":17},"end":{"line":67,"column":3}},"line":44},"3":{"name":"(anonymous_3)","decl":{"start":{"line":47,"column":33},"end":{"line":47,"column":34}},"loc":{"start":{"line":47,"column":40},"end":{"line":66,"column":5}},"line":47},"4":{"name":"(anonymous_4)","decl":{"start":{"line":57,"column":11},"end":{"line":57,"column":12}},"loc":{"start":{"line":57,"column":17},"end":{"line":63,"column":9}},"line":57},"5":{"name":"(anonymous_5)","decl":{"start":{"line":69,"column":2},"end":{"line":69,"column":3}},"loc":{"start":{"line":69,"column":29},"end":{"line":87,"column":3}},"line":69},"6":{"name":"(anonymous_6)","decl":{"start":{"line":89,"column":2},"end":{"line":89,"column":3}},"loc":{"start":{"line":89,"column":15},"end":{"line":93,"column":3}},"line":89},"7":{"name":"(anonymous_7)","decl":{"start":{"line":95,"column":2},"end":{"line":95,"column":3}},"loc":{"start":{"line":95,"column":20},"end":{"line":104,"column":3}},"line":95},"8":{"name":"(anonymous_8)","decl":{"start":{"line":106,"column":2},"end":{"line":106,"column":3}},"loc":{"start":{"line":106,"column":21},"end":{"line":114,"column":3}},"line":106},"9":{"name":"(anonymous_9)","decl":{"start":{"line":116,"column":2},"end":{"line":116,"column":3}},"loc":{"start":{"line":116,"column":21},"end":{"line":126,"column":3}},"line":116},"10":{"name":"(anonymous_10)","decl":{"start":{"line":128,"column":2},"end":{"line":128,"column":3}},"loc":{"start":{"line":128,"column":27},"end":{"line":132,"column":3}},"line":128},"11":{"name":"(anonymous_11)","decl":{"start":{"line":134,"column":2},"end":{"line":134,"column":3}},"loc":{"start":{"line":134,"column":21},"end":{"line":151,"column":3}},"line":134},"12":{"name":"(anonymous_12)","decl":{"start":{"line":153,"column":2},"end":{"line":153,"column":3}},"loc":{"start":{"line":153,"column":24},"end":{"line":161,"column":3}},"line":153},"13":{"name":"(anonymous_13)","decl":{"start":{"line":154,"column":45},"end":{"line":154,"column":46}},"loc":{"start":{"line":154,"column":55},"end":{"line":154,"column":69}},"line":154},"14":{"name":"(anonymous_14)","decl":{"start":{"line":163,"column":2},"end":{"line":163,"column":3}},"loc":{"start":{"line":163,"column":24},"end":{"line":168,"column":3}},"line":163},"15":{"name":"(anonymous_15)","decl":{"start":{"line":170,"column":2},"end":{"line":170,"column":3}},"loc":{"start":{"line":170,"column":11},"end":{"line":198,"column":3}},"line":170},"16":{"name":"(anonymous_16)","decl":{"start":{"line":195,"column":31},"end":{"line":195,"column":32}},"loc":{"start":{"line":195,"column":49},"end":{"line":195,"column":81}},"line":195}},"branchMap":{"0":{"loc":{"start":{"line":48,"column":6},"end":{"line":65,"column":7}},"type":"switch","locations":[{"start":{"line":49,"column":6},"end":{"line":51,"column":14}},{"start":{"line":52,"column":6},"end":{"line":64,"column":14}}],"line":48},"1":{"loc":{"start":{"line":56,"column":20},"end":{"line":56,"column":75}},"type":"cond-expr","locations":[{"start":{"line":56,"column":43},"end":{"line":56,"column":58}},{"start":{"line":56,"column":61},"end":{"line":56,"column":75}}],"line":56},"2":{"loc":{"start":{"line":58,"column":10},"end":{"line":62,"column":11}},"type":"if","locations":[{"start":{"line":58,"column":10},"end":{"line":62,"column":11}},{"start":{"line":58,"column":10},"end":{"line":62,"column":11}}],"line":58},"3":{"loc":{"start":{"line":60,"column":20},"end":{"line":60,"column":74}},"type":"cond-expr","locations":[{"start":{"line":60,"column":43},"end":{"line":60,"column":57}},{"start":{"line":60,"column":60},"end":{"line":60,"column":74}}],"line":60},"4":{"loc":{"start":{"line":70,"column":4},"end":{"line":70,"column":27}},"type":"if","locations":[{"start":{"line":70,"column":4},"end":{"line":70,"column":27}},{"start":{"line":70,"column":4},"end":{"line":70,"column":27}}],"line":70},"5":{"loc":{"start":{"line":72,"column":4},"end":{"line":86,"column":5}},"type":"switch","locations":[{"start":{"line":73,"column":4},"end":{"line":79,"column":12}},{"start":{"line":80,"column":4},"end":{"line":82,"column":12}},{"start":{"line":83,"column":4},"end":{"line":85,"column":12}}],"line":72},"6":{"loc":{"start":{"line":74,"column":6},"end":{"line":78,"column":7}},"type":"if","locations":[{"start":{"line":74,"column":6},"end":{"line":78,"column":7}},{"start":{"line":74,"column":6},"end":{"line":78,"column":7}}],"line":74},"7":{"loc":{"start":{"line":91,"column":13},"end":{"line":91,"column":37}},"type":"binary-expr","locations":[{"start":{"line":91,"column":13},"end":{"line":91,"column":31}},{"start":{"line":91,"column":35},"end":{"line":91,"column":37}}],"line":91},"8":{"loc":{"start":{"line":135,"column":4},"end":{"line":137,"column":5}},"type":"if","locations":[{"start":{"line":135,"column":4},"end":{"line":137,"column":5}},{"start":{"line":135,"column":4},"end":{"line":137,"column":5}}],"line":135}},"s":{"0":35,"1":35,"2":35,"3":35,"4":35,"5":35,"6":35,"7":35,"8":35,"9":35,"10":35,"11":35,"12":35,"13":35,"14":35,"15":35,"16":35,"17":35,"18":35,"19":8,"20":1,"21":1,"22":7,"23":7,"24":7,"25":7,"26":5,"27":1,"28":4,"29":2,"30":1,"31":1,"32":2,"33":1,"34":1,"35":1,"36":1,"37":35,"38":2,"39":2,"40":2,"41":2,"42":4,"43":4,"44":6,"45":4,"46":0,"47":4,"48":4,"49":4,"50":2,"51":4,"52":2,"53":2,"54":2,"55":2,"56":2,"57":117,"58":117,"59":199},"f":{"0":35,"1":35,"2":35,"3":8,"4":7,"5":5,"6":35,"7":2,"8":2,"9":4,"10":6,"11":4,"12":2,"13":4,"14":2,"15":117,"16":199},"b":{"0":[1,7],"1":[4,3],"2":[7,0],"3":[3,4],"4":[1,4],"5":[2,1,1],"6":[1,1],"7":[35,1],"8":[0,4]},"_coverageSchema":"332fd63041d2c1bcb487cc26dd0d5f7d97098a6c","hash":"6e5c5e095970be632679559a532a0ef7539cfeaf"}
,"/Users/anthonyng/Desktop/Projects/pomodoro_timer/src/components/Button/index.js": {"path":"/Users/anthonyng/Desktop/Projects/pomodoro_timer/src/components/Button/index.js","statementMap":{"0":{"start":{"line":5,"column":15},"end":{"line":7,"column":1}},"1":{"start":{"line":6,"column":2},"end":{"line":6,"column":57}},"2":{"start":{"line":9,"column":0},"end":{"line":11,"column":2}},"3":{"start":{"line":13,"column":0},"end":{"line":17,"column":2}}},"fnMap":{"0":{"name":"(anonymous_0)","decl":{"start":{"line":5,"column":15},"end":{"line":5,"column":16}},"loc":{"start":{"line":6,"column":2},"end":{"line":6,"column":57}},"line":6}},"branchMap":{},"s":{"0":3,"1":353,"2":3,"3":3},"f":{"0":353},"b":{},"_coverageSchema":"332fd63041d2c1bcb487cc26dd0d5f7d97098a6c","hash":"912589fc7ad1c732cc9cc562cfa617b2db18bfca"}
,"/Users/anthonyng/Desktop/Projects/pomodoro_timer/src/components/Task/index.js": {"path":"/Users/anthonyng/Desktop/Projects/pomodoro_timer/src/components/Task/index.js","statementMap":{"0":{"start":{"line":6,"column":11},"end":{"line":9,"column":2}},"1":{"start":{"line":11,"column":10},"end":{"line":13,"column":2}},"2":{"start":{"line":15,"column":15},"end":{"line":17,"column":2}},"3":{"start":{"line":19,"column":13},"end":{"line":27,"column":1}},"4":{"start":{"line":20,"column":2},"end":{"line":26,"column":8}},"5":{"start":{"line":23,"column":27},"end":{"line":23,"column":44}},"6":{"start":{"line":29,"column":0},"end":{"line":31,"column":2}},"7":{"start":{"line":33,"column":0},"end":{"line":38,"column":2}}},"fnMap":{"0":{"name":"(anonymous_0)","decl":{"start":{"line":19,"column":13},"end":{"line":19,"column":14}},"loc":{"start":{"line":20,"column":2},"end":{"line":26,"column":8}},"line":20},"1":{"name":"(anonymous_1)","decl":{"start":{"line":23,"column":21},"end":{"line":23,"column":22}},"loc":{"start":{"line":23,"column":27},"end":{"line":23,"column":44}},"line":23}},"branchMap":{},"s":{"0":4,"1":4,"2":4,"3":4,"4":22,"5":3,"6":4,"7":4},"f":{"0":22,"1":3},"b":{},"_coverageSchema":"332fd63041d2c1bcb487cc26dd0d5f7d97098a6c","hash":"6a55814a1687a70007f1c83562f9112ee8631a49"}
,"/Users/anthonyng/Desktop/Projects/pomodoro_timer/src/components/TaskInput/index.js": {"path":"/Users/anthonyng/Desktop/Projects/pomodoro_timer/src/components/TaskInput/index.js","statementMap":{"0":{"start":{"line":6,"column":18},"end":{"line":8,"column":2}},"1":{"start":{"line":9,"column":17},"end":{"line":15,"column":2}},"2":{"start":{"line":17,"column":18},"end":{"line":25,"column":1}},"3":{"start":{"line":18,"column":2},"end":{"line":24,"column":14}},"4":{"start":{"line":27,"column":0},"end":{"line":30,"column":2}},"5":{"start":{"line":32,"column":0},"end":{"line":36,"column":2}}},"fnMap":{"0":{"name":"(anonymous_0)","decl":{"start":{"line":17,"column":18},"end":{"line":17,"column":19}},"loc":{"start":{"line":18,"column":2},"end":{"line":24,"column":14}},"line":18}},"branchMap":{},"s":{"0":3,"1":3,"2":3,"3":120,"4":3,"5":3},"f":{"0":120},"b":{},"_coverageSchema":"332fd63041d2c1bcb487cc26dd0d5f7d97098a6c","hash":"b76cb4c42a7f37e1f66ceae4e8bdf494fc15a82f"}
,"/Users/anthonyng/Desktop/Projects/pomodoro_timer/src/components/TaskList/index.js": {"path":"/Users/anthonyng/Desktop/Projects/pomodoro_timer/src/components/TaskList/index.js","statementMap":{"0":{"start":{"line":7,"column":18},"end":{"line":12,"column":2}},"1":{"start":{"line":14,"column":17},"end":{"line":26,"column":1}},"2":{"start":{"line":15,"column":2},"end":{"line":25,"column":14}},"3":{"start":{"line":18,"column":8},"end":{"line":22,"column":10}},"4":{"start":{"line":28,"column":0},"end":{"line":31,"column":2}},"5":{"start":{"line":33,"column":0},"end":{"line":40,"column":2}}},"fnMap":{"0":{"name":"(anonymous_0)","decl":{"start":{"line":14,"column":17},"end":{"line":14,"column":18}},"loc":{"start":{"line":15,"column":2},"end":{"line":25,"column":14}},"line":15},"1":{"name":"(anonymous_1)","decl":{"start":{"line":17,"column":16},"end":{"line":17,"column":17}},"loc":{"start":{"line":18,"column":8},"end":{"line":22,"column":10}},"line":18}},"branchMap":{},"s":{"0":3,"1":3,"2":118,"3":22,"4":3,"5":3},"f":{"0":118,"1":22},"b":{},"_coverageSchema":"332fd63041d2c1bcb487cc26dd0d5f7d97098a6c","hash":"cc9b8b88616f6ed68e224a63d2de314b3e697d8c"}
,"/Users/anthonyng/Desktop/Projects/pomodoro_timer/src/components/TimeDisplay/index.js": {"path":"/Users/anthonyng/Desktop/Projects/pomodoro_timer/src/components/TimeDisplay/index.js","statementMap":{"0":{"start":{"line":6,"column":11},"end":{"line":9,"column":2}},"1":{"start":{"line":11,"column":20},"end":{"line":13,"column":1}},"2":{"start":{"line":12,"column":2},"end":{"line":12,"column":36}},"3":{"start":{"line":15,"column":0},"end":{"line":17,"column":2}},"4":{"start":{"line":19,"column":0},"end":{"line":21,"column":2}}},"fnMap":{"0":{"name":"(anonymous_0)","decl":{"start":{"line":11,"column":20},"end":{"line":11,"column":21}},"loc":{"start":{"line":12,"column":2},"end":{"line":12,"column":36}},"line":12}},"branchMap":{},"s":{"0":3,"1":3,"2":118,"3":3,"4":3},"f":{"0":118},"b":{},"_coverageSchema":"332fd63041d2c1bcb487cc26dd0d5f7d97098a6c","hash":"f70e52ff7166b3c70887c2d53bfd022795b10a4b"}
,"/Users/anthonyng/Desktop/Projects/pomodoro_timer/src/components/TimerApp/index.js": {"path":"/Users/anthonyng/Desktop/Projects/pomodoro_timer/src/components/TimerApp/index.js","statementMap":{"0":{"start":{"line":9,"column":17},"end":{"line":53,"column":1}},"1":{"start":{"line":22,"column":2},"end":{"line":52,"column":8}},"2":{"start":{"line":55,"column":0},"end":{"line":63,"column":2}},"3":{"start":{"line":65,"column":0},"end":{"line":80,"column":2}}},"fnMap":{"0":{"name":"(anonymous_0)","decl":{"start":{"line":9,"column":17},"end":{"line":9,"column":18}},"loc":{"start":{"line":22,"column":2},"end":{"line":52,"column":8}},"line":22}},"branchMap":{"0":{"loc":{"start":{"line":26,"column":12},"end":{"line":26,"column":44}},"type":"cond-expr","locations":[{"start":{"line":26,"column":28},"end":{"line":26,"column":35}},{"start":{"line":26,"column":38},"end":{"line":26,"column":44}}],"line":26},"1":{"loc":{"start":{"line":27,"column":15},"end":{"line":27,"column":57}},"type":"cond-expr","locations":[{"start":{"line":27,"column":31},"end":{"line":27,"column":43}},{"start":{"line":27,"column":46},"end":{"line":27,"column":57}}],"line":27}},"s":{"0":2,"1":125,"2":2,"3":2},"f":{"0":125},"b":{"0":[9,116],"1":[9,116]},"_coverageSchema":"332fd63041d2c1bcb487cc26dd0d5f7d97098a6c","hash":"efd58571cc0358a1b327435bd9993b4abd1e0a08"}
,"/Users/anthonyng/Desktop/Projects/pomodoro_timer/src/components/Title/index.js": {"path":"/Users/anthonyng/Desktop/Projects/pomodoro_timer/src/components/Title/index.js","statementMap":{"0":{"start":{"line":6,"column":4},"end":{"line":6,"column":12}},"1":{"start":{"line":8,"column":4},"end":{"line":8,"column":51}},"2":{"start":{"line":12,"column":4},"end":{"line":14,"column":5}},"3":{"start":{"line":13,"column":6},"end":{"line":13,"column":46}},"4":{"start":{"line":18,"column":4},"end":{"line":18,"column":16}},"5":{"start":{"line":22,"column":0},"end":{"line":24,"column":2}}},"fnMap":{"0":{"name":"(anonymous_0)","decl":{"start":{"line":5,"column":2},"end":{"line":5,"column":3}},"loc":{"start":{"line":5,"column":16},"end":{"line":9,"column":3}},"line":5},"1":{"name":"(anonymous_1)","decl":{"start":{"line":11,"column":2},"end":{"line":11,"column":3}},"loc":{"start":{"line":11,"column":23},"end":{"line":15,"column":3}},"line":11},"2":{"name":"(anonymous_2)","decl":{"start":{"line":17,"column":2},"end":{"line":17,"column":3}},"loc":{"start":{"line":17,"column":11},"end":{"line":19,"column":3}},"line":17}},"branchMap":{"0":{"loc":{"start":{"line":12,"column":4},"end":{"line":14,"column":5}},"type":"if","locations":[{"start":{"line":12,"column":4},"end":{"line":14,"column":5}},{"start":{"line":12,"column":4},"end":{"line":14,"column":5}}],"line":12}},"s":{"0":36,"1":36,"2":8,"3":8,"4":44,"5":2},"f":{"0":36,"1":8,"2":44},"b":{"0":[8,0]},"_coverageSchema":"332fd63041d2c1bcb487cc26dd0d5f7d97098a6c","hash":"d9d4a8ef978f0d9c6072144eed7d1d41666887ea"}
,"/Users/anthonyng/Desktop/Projects/pomodoro_timer/src/components/WebNotifications/index.js": {"path":"/Users/anthonyng/Desktop/Projects/pomodoro_timer/src/components/WebNotifications/index.js","statementMap":{"0":{"start":{"line":5,"column":4},"end":{"line":5,"column":12}},"1":{"start":{"line":7,"column":4},"end":{"line":7,"column":39}},"2":{"start":{"line":11,"column":4},"end":{"line":24,"column":5}},"3":{"start":{"line":13,"column":6},"end":{"line":13,"column":74}},"4":{"start":{"line":15,"column":11},"end":{"line":24,"column":5}},"5":{"start":{"line":16,"column":6},"end":{"line":16,"column":40}},"6":{"start":{"line":18,"column":11},"end":{"line":24,"column":5}},"7":{"start":{"line":19,"column":6},"end":{"line":23,"column":9}},"8":{"start":{"line":20,"column":8},"end":{"line":22,"column":9}},"9":{"start":{"line":21,"column":10},"end":{"line":21,"column":44}},"10":{"start":{"line":28,"column":4},"end":{"line":28,"column":44}},"11":{"start":{"line":28,"column":37},"end":{"line":28,"column":44}},"12":{"start":{"line":30,"column":20},"end":{"line":33,"column":5}},"13":{"start":{"line":34,"column":4},"end":{"line":34,"column":44}},"14":{"start":{"line":38,"column":4},"end":{"line":38,"column":16}}},"fnMap":{"0":{"name":"(anonymous_0)","decl":{"start":{"line":4,"column":2},"end":{"line":4,"column":3}},"loc":{"start":{"line":4,"column":16},"end":{"line":8,"column":3}},"line":4},"1":{"name":"(anonymous_1)","decl":{"start":{"line":10,"column":2},"end":{"line":10,"column":3}},"loc":{"start":{"line":10,"column":22},"end":{"line":25,"column":3}},"line":10},"2":{"name":"(anonymous_2)","decl":{"start":{"line":19,"column":51},"end":{"line":19,"column":52}},"loc":{"start":{"line":19,"column":63},"end":{"line":23,"column":7}},"line":19},"3":{"name":"(anonymous_3)","decl":{"start":{"line":27,"column":2},"end":{"line":27,"column":3}},"loc":{"start":{"line":27,"column":75},"end":{"line":35,"column":3}},"line":27},"4":{"name":"(anonymous_4)","decl":{"start":{"line":37,"column":2},"end":{"line":37,"column":3}},"loc":{"start":{"line":37,"column":11},"end":{"line":39,"column":3}},"line":37}},"branchMap":{"0":{"loc":{"start":{"line":11,"column":4},"end":{"line":24,"column":5}},"type":"if","locations":[{"start":{"line":11,"column":4},"end":{"line":24,"column":5}},{"start":{"line":11,"column":4},"end":{"line":24,"column":5}}],"line":11},"1":{"loc":{"start":{"line":15,"column":11},"end":{"line":24,"column":5}},"type":"if","locations":[{"start":{"line":15,"column":11},"end":{"line":24,"column":5}},{"start":{"line":15,"column":11},"end":{"line":24,"column":5}}],"line":15},"2":{"loc":{"start":{"line":18,"column":11},"end":{"line":24,"column":5}},"type":"if","locations":[{"start":{"line":18,"column":11},"end":{"line":24,"column":5}},{"start":{"line":18,"column":11},"end":{"line":24,"column":5}}],"line":18},"3":{"loc":{"start":{"line":20,"column":8},"end":{"line":22,"column":9}},"type":"if","locations":[{"start":{"line":20,"column":8},"end":{"line":22,"column":9}},{"start":{"line":20,"column":8},"end":{"line":22,"column":9}}],"line":20},"4":{"loc":{"start":{"line":27,"column":21},"end":{"line":27,"column":73}},"type":"default-arg","locations":[{"start":{"line":27,"column":71},"end":{"line":27,"column":73}}],"line":27},"5":{"loc":{"start":{"line":27,"column":23},"end":{"line":27,"column":55}},"type":"default-arg","locations":[{"start":{"line":27,"column":31},"end":{"line":27,"column":55}}],"line":27},"6":{"loc":{"start":{"line":27,"column":57},"end":{"line":27,"column":66}},"type":"default-arg","locations":[{"start":{"line":27,"column":64},"end":{"line":27,"column":66}}],"line":27},"7":{"loc":{"start":{"line":28,"column":4},"end":{"line":28,"column":44}},"type":"if","locations":[{"start":{"line":28,"column":4},"end":{"line":28,"column":44}},{"start":{"line":28,"column":4},"end":{"line":28,"column":44}}],"line":28}},"s":{"0":8,"1":8,"2":8,"3":1,"4":7,"5":3,"6":4,"7":3,"8":3,"9":1,"10":7,"11":3,"12":4,"13":4,"14":8},"f":{"0":8,"1":8,"2":3,"3":7,"4":8},"b":{"0":[1,7],"1":[3,4],"2":[3,1],"3":[1,2],"4":[6],"5":[6],"6":[6],"7":[3,4]},"_coverageSchema":"332fd63041d2c1bcb487cc26dd0d5f7d97098a6c","hash":"7067fa32f6d63ab049175ed63ef907d080d63072"}
,"/Users/anthonyng/Desktop/Projects/pomodoro_timer/src/utility/localStorage.js": {"path":"/Users/anthonyng/Desktop/Projects/pomodoro_timer/src/utility/localStorage.js","statementMap":{"0":{"start":{"line":1,"column":16},"end":{"line":20,"column":4}},"1":{"start":{"line":2,"column":14},"end":{"line":2,"column":30}},"2":{"start":{"line":4,"column":14},"end":{"line":10,"column":3}},"3":{"start":{"line":5,"column":4},"end":{"line":9,"column":5}},"4":{"start":{"line":6,"column":6},"end":{"line":6,"column":58}},"5":{"start":{"line":8,"column":6},"end":{"line":8,"column":16}},"6":{"start":{"line":12,"column":14},"end":{"line":14,"column":3}},"7":{"start":{"line":13,"column":4},"end":{"line":13,"column":64}},"8":{"start":{"line":16,"column":2},"end":{"line":19,"column":4}}},"fnMap":{"0":{"name":"(anonymous_0)","decl":{"start":{"line":1,"column":17},"end":{"line":1,"column":18}},"loc":{"start":{"line":1,"column":28},"end":{"line":20,"column":1}},"line":1},"1":{"name":"(anonymous_1)","decl":{"start":{"line":4,"column":14},"end":{"line":4,"column":15}},"loc":{"start":{"line":4,"column":20},"end":{"line":10,"column":3}},"line":4},"2":{"name":"(anonymous_2)","decl":{"start":{"line":12,"column":14},"end":{"line":12,"column":15}},"loc":{"start":{"line":12,"column":29},"end":{"line":14,"column":3}},"line":12}},"branchMap":{},"s":{"0":2,"1":2,"2":2,"3":2,"4":2,"5":1,"6":2,"7":1,"8":2},"f":{"0":2,"1":2,"2":1},"b":{},"_coverageSchema":"332fd63041d2c1bcb487cc26dd0d5f7d97098a6c","hash":"d80b12b2ea4affbe2b2aefe5374b5b426b6427fc"}
,"/Users/anthonyng/Desktop/Projects/pomodoro_timer/src/utility/noop.js": {"path":"/Users/anthonyng/Desktop/Projects/pomodoro_timer/src/utility/noop.js","statementMap":{},"fnMap":{"0":{"name":"(anonymous_0)","decl":{"start":{"line":1,"column":15},"end":{"line":1,"column":16}},"loc":{"start":{"line":1,"column":21},"end":{"line":1,"column":23}},"line":1}},"branchMap":{},"s":{},"f":{"0":0},"b":{},"_coverageSchema":"332fd63041d2c1bcb487cc26dd0d5f7d97098a6c","hash":"054172f336c5c33b0ce8e32c566c8fc2b0d28161"}
,"/Users/anthonyng/Desktop/Projects/pomodoro_timer/src/utility/timeFormatter.js": {"path":"/Users/anthonyng/Desktop/Projects/pomodoro_timer/src/utility/timeFormatter.js","statementMap":{"0":{"start":{"line":1,"column":25},"end":{"line":9,"column":1}},"1":{"start":{"line":2,"column":21},"end":{"line":2,"column":32}},"2":{"start":{"line":4,"column":2},"end":{"line":6,"column":3}},"3":{"start":{"line":5,"column":4},"end":{"line":5,"column":38}},"4":{"start":{"line":8,"column":2},"end":{"line":8,"column":22}},"5":{"start":{"line":11,"column":22},"end":{"line":16,"column":1}},"6":{"start":{"line":12,"column":18},"end":{"line":12,"column":65}},"7":{"start":{"line":13,"column":18},"end":{"line":13,"column":74}},"8":{"start":{"line":15,"column":2},"end":{"line":15,"column":33}}},"fnMap":{"0":{"name":"(anonymous_0)","decl":{"start":{"line":1,"column":25},"end":{"line":1,"column":26}},"loc":{"start":{"line":1,"column":52},"end":{"line":9,"column":1}},"line":1},"1":{"name":"(anonymous_1)","decl":{"start":{"line":11,"column":22},"end":{"line":11,"column":23}},"loc":{"start":{"line":11,"column":30},"end":{"line":16,"column":1}},"line":11}},"branchMap":{},"s":{"0":4,"1":478,"2":478,"3":247,"4":478,"5":4,"6":239,"7":239,"8":239},"f":{"0":478,"1":239},"b":{},"_coverageSchema":"332fd63041d2c1bcb487cc26dd0d5f7d97098a6c","hash":"ccb71b3f356995307d69c4e3a9e5f69fc6d09253"}
,"/Users/anthonyng/Desktop/Projects/pomodoro_timer/src/utility/uuid.js": {"path":"/Users/anthonyng/Desktop/Projects/pomodoro_timer/src/utility/uuid.js","statementMap":{"0":{"start":{"line":1,"column":13},"end":{"line":1,"column":75}},"1":{"start":{"line":4,"column":15},"end":{"line":4,"column":133}},"2":{"start":{"line":4,"column":134},"end":{"line":6,"column":2}}},"fnMap":{"0":{"name":"b","decl":{"start":{"line":4,"column":9},"end":{"line":4,"column":10}},"loc":{"start":{"line":4,"column":14},"end":{"line":4,"column":134}},"line":4}},"branchMap":{"0":{"loc":{"start":{"line":4,"column":22},"end":{"line":4,"column":132}},"type":"cond-expr","locations":[{"start":{"line":4,"column":26},"end":{"line":4,"column":72}},{"start":{"line":4,"column":75},"end":{"line":4,"column":132}}],"line":4}},"s":{"0":0,"1":0,"2":0},"f":{"0":0},"b":{"0":[0,0]}}
,"/Users/anthonyng/Desktop/Projects/pomodoro_timer/src/utility/webworker.js": {"path":"/Users/anthonyng/Desktop/Projects/pomodoro_timer/src/utility/webworker.js","statementMap":{"0":{"start":{"line":1,"column":31},"end":{"line":1,"column":32}},"1":{"start":{"line":2,"column":12},"end":{"line":2,"column":16}},"2":{"start":{"line":4,"column":17},"end":{"line":7,"column":1}},"3":{"start":{"line":4,"column":51},"end":{"line":4,"column":120}},"4":{"start":{"line":5,"column":2},"end":{"line":5,"column":21}},"5":{"start":{"line":6,"column":2},"end":{"line":6,"column":34}},"6":{"start":{"line":9,"column":11},"end":{"line":23,"column":1}},"7":{"start":{"line":10,"column":2},"end":{"line":10,"column":22}},"8":{"start":{"line":12,"column":2},"end":{"line":14,"column":25}},"9":{"start":{"line":17,"column":2},"end":{"line":22,"column":3}},"10":{"start":{"line":18,"column":4},"end":{"line":18,"column":16}},"11":{"start":{"line":19,"column":4},"end":{"line":20,"column":28}},"12":{"start":{"line":25,"column":16},"end":{"line":27,"column":1}},"13":{"start":{"line":26,"column":2},"end":{"line":26,"column":23}},"14":{"start":{"line":29,"column":0},"end":{"line":40,"column":3}},"15":{"start":{"line":30,"column":2},"end":{"line":38,"column":14}},"16":{"start":{"line":32,"column":6},"end":{"line":32,"column":30}},"17":{"start":{"line":33,"column":6},"end":{"line":33,"column":12}},"18":{"start":{"line":35,"column":6},"end":{"line":35,"column":18}},"19":{"start":{"line":36,"column":6},"end":{"line":36,"column":12}},"20":{"start":{"line":38,"column":6},"end":{"line":38,"column":13}}},"fnMap":{"0":{"name":"startTimer","decl":{"start":{"line":4,"column":26},"end":{"line":4,"column":36}},"loc":{"start":{"line":4,"column":39},"end":{"line":7,"column":1}},"line":4},"1":{"name":"tick","decl":{"start":{"line":9,"column":20},"end":{"line":9,"column":24}},"loc":{"start":{"line":9,"column":27},"end":{"line":23,"column":1}},"line":9},"2":{"name":"stopTimer","decl":{"start":{"line":25,"column":25},"end":{"line":25,"column":34}},"loc":{"start":{"line":25,"column":37},"end":{"line":27,"column":1}},"line":25},"3":{"name":"(anonymous_3)","decl":{"start":{"line":29,"column":33},"end":{"line":29,"column":34}},"loc":{"start":{"line":29,"column":46},"end":{"line":40,"column":1}},"line":29}},"branchMap":{"0":{"loc":{"start":{"line":4,"column":51},"end":{"line":4,"column":120}},"type":"cond-expr","locations":[{"start":{"line":4,"column":104},"end":{"line":4,"column":116}},{"start":{"line":4,"column":119},"end":{"line":4,"column":120}}],"line":4},"1":{"loc":{"start":{"line":4,"column":51},"end":{"line":4,"column":101}},"type":"binary-expr","locations":[{"start":{"line":4,"column":51},"end":{"line":4,"column":71}},{"start":{"line":4,"column":75},"end":{"line":4,"column":101}}],"line":4},"2":{"loc":{"start":{"line":17,"column":2},"end":{"line":22,"column":3}},"type":"if","locations":[{"start":{"line":17,"column":2},"end":{"line":22,"column":3}},{"start":{"line":17,"column":2},"end":{"line":22,"column":3}}],"line":17},"3":{"loc":{"start":{"line":30,"column":2},"end":{"line":38,"column":14}},"type":"switch","locations":[{"start":{"line":31,"column":4},"end":{"line":33,"column":12}},{"start":{"line":34,"column":4},"end":{"line":36,"column":12}},{"start":{"line":37,"column":4},"end":{"line":38,"column":13}}],"line":30}},"s":{"0":0,"1":0,"2":0,"3":0,"4":0,"5":0,"6":0,"7":0,"8":0,"9":0,"10":0,"11":0,"12":0,"13":0,"14":0,"15":0,"16":0,"17":0,"18":0,"19":0,"20":0},"f":{"0":0,"1":0,"2":0,"3":0},"b":{"0":[0,0],"1":[0,0],"2":[0,0],"3":[0,0,0]}}
,"/Users/anthonyng/Desktop/Projects/pomodoro_timer/src/utility/webworkerWrapper.js": {"path":"/Users/anthonyng/Desktop/Projects/pomodoro_timer/src/utility/webworkerWrapper.js","statementMap":{"0":{"start":{"line":1,"column":13},"end":{"line":1,"column":75}},"1":{"start":{"line":1,"column":75},"end":{"line":1,"column":133}}},"fnMap":{},"branchMap":{},"s":{"0":0,"1":0},"f":{},"b":{}}
}
