{"/Users/anthonyng/Desktop/Projects/pomodoro_timer/src/index.js": {"path":"/Users/anthonyng/Desktop/Projects/pomodoro_timer/src/index.js","statementMap":{"0":{"start":{"line":1,"column":26},"end":{"line":1,"column":42}},"1":{"start":{"line":1,"column":57},"end":{"line":1,"column":87}},"2":{"start":{"line":2,"column":16},"end":{"line":2,"column":36}},"3":{"start":{"line":3,"column":11},"end":{"line":3,"column":38}},"4":{"start":{"line":3,"column":51},"end":{"line":3,"column":79}},"5":{"start":{"line":3,"column":118},"end":{"line":3,"column":172}},"6":{"start":{"line":5,"column":0},"end":{"line":7,"column":38}}},"fnMap":{"0":{"name":"_interopRequireDefault","decl":{"start":{"line":3,"column":89},"end":{"line":3,"column":111}},"loc":{"start":{"line":3,"column":117},"end":{"line":3,"column":173}},"line":3}},"branchMap":{"0":{"loc":{"start":{"line":3,"column":125},"end":{"line":3,"column":171}},"type":"cond-expr","locations":[{"start":{"line":3,"column":149},"end":{"line":3,"column":152}},{"start":{"line":3,"column":155},"end":{"line":3,"column":171}}],"line":3},"1":{"loc":{"start":{"line":3,"column":125},"end":{"line":3,"column":146}},"type":"binary-expr","locations":[{"start":{"line":3,"column":125},"end":{"line":3,"column":128}},{"start":{"line":3,"column":132},"end":{"line":3,"column":146}}],"line":3}},"s":{"0":0,"1":0,"2":0,"3":0,"4":0,"5":0,"6":0},"f":{"0":0},"b":{"0":[0,0],"1":[0,0]}}
,"/Users/anthonyng/Desktop/Projects/pomodoro_timer/src/components/App/index.js": {"path":"/Users/anthonyng/Desktop/Projects/pomodoro_timer/src/components/App/index.js","statementMap":{"0":{"start":{"line":10,"column":4},"end":{"line":10,"column":12}},"1":{"start":{"line":12,"column":4},"end":{"line":12,"column":36}},"2":{"start":{"line":13,"column":4},"end":{"line":13,"column":36}},"3":{"start":{"line":15,"column":4},"end":{"line":21,"column":6}},"4":{"start":{"line":23,"column":4},"end":{"line":23,"column":53}},"5":{"start":{"line":24,"column":4},"end":{"line":24,"column":49}},"6":{"start":{"line":25,"column":4},"end":{"line":25,"column":59}},"7":{"start":{"line":26,"column":4},"end":{"line":26,"column":61}},"8":{"start":{"line":27,"column":4},"end":{"line":27,"column":61}},"9":{"start":{"line":28,"column":4},"end":{"line":28,"column":71}},"10":{"start":{"line":29,"column":4},"end":{"line":29,"column":61}},"11":{"start":{"line":30,"column":4},"end":{"line":30,"column":63}},"12":{"start":{"line":34,"column":4},"end":{"line":34,"column":24}},"13":{"start":{"line":35,"column":4},"end":{"line":35,"column":22}},"14":{"start":{"line":39,"column":4},"end":{"line":39,"column":41}},"15":{"start":{"line":41,"column":4},"end":{"line":62,"column":6}},"16":{"start":{"line":42,"column":6},"end":{"line":61,"column":7}},"17":{"start":{"line":44,"column":8},"end":{"line":44,"column":49}},"18":{"start":{"line":45,"column":8},"end":{"line":45,"column":14}},"19":{"start":{"line":47,"column":8},"end":{"line":57,"column":11}},"20":{"start":{"line":52,"column":10},"end":{"line":56,"column":11}},"21":{"start":{"line":53,"column":12},"end":{"line":55,"column":15}},"22":{"start":{"line":58,"column":8},"end":{"line":58,"column":14}},"23":{"start":{"line":60,"column":8},"end":{"line":60,"column":14}},"24":{"start":{"line":66,"column":4},"end":{"line":68,"column":7}},"25":{"start":{"line":72,"column":4},"end":{"line":75,"column":7}},"26":{"start":{"line":77,"column":4},"end":{"line":79,"column":7}},"27":{"start":{"line":83,"column":4},"end":{"line":85,"column":7}},"28":{"start":{"line":87,"column":4},"end":{"line":89,"column":7}},"29":{"start":{"line":93,"column":4},"end":{"line":95,"column":7}},"30":{"start":{"line":97,"column":4},"end":{"line":100,"column":7}},"31":{"start":{"line":104,"column":4},"end":{"line":106,"column":7}},"32":{"start":{"line":110,"column":4},"end":{"line":112,"column":5}},"33":{"start":{"line":111,"column":6},"end":{"line":111,"column":13}},"34":{"start":{"line":114,"column":21},"end":{"line":118,"column":31}},"35":{"start":{"line":120,"column":4},"end":{"line":123,"column":7}},"36":{"start":{"line":125,"column":4},"end":{"line":125,"column":31}},"37":{"start":{"line":129,"column":21},"end":{"line":129,"column":70}},"38":{"start":{"line":129,"column":55},"end":{"line":129,"column":69}},"39":{"start":{"line":131,"column":4},"end":{"line":133,"column":7}},"40":{"start":{"line":135,"column":4},"end":{"line":135,"column":31}},"41":{"start":{"line":144,"column":8},"end":{"line":144,"column":18}},"42":{"start":{"line":146,"column":4},"end":{"line":162,"column":6}},"43":{"start":{"line":160,"column":49},"end":{"line":160,"column":81}}},"fnMap":{"0":{"name":"(anonymous_0)","decl":{"start":{"line":9,"column":2},"end":{"line":9,"column":3}},"loc":{"start":{"line":9,"column":16},"end":{"line":31,"column":3}},"line":9},"1":{"name":"(anonymous_1)","decl":{"start":{"line":33,"column":2},"end":{"line":33,"column":3}},"loc":{"start":{"line":33,"column":22},"end":{"line":36,"column":3}},"line":33},"2":{"name":"(anonymous_2)","decl":{"start":{"line":38,"column":2},"end":{"line":38,"column":3}},"loc":{"start":{"line":38,"column":17},"end":{"line":63,"column":3}},"line":38},"3":{"name":"(anonymous_3)","decl":{"start":{"line":41,"column":33},"end":{"line":41,"column":34}},"loc":{"start":{"line":41,"column":40},"end":{"line":62,"column":5}},"line":41},"4":{"name":"(anonymous_4)","decl":{"start":{"line":51,"column":11},"end":{"line":51,"column":12}},"loc":{"start":{"line":51,"column":17},"end":{"line":57,"column":9}},"line":51},"5":{"name":"(anonymous_5)","decl":{"start":{"line":65,"column":2},"end":{"line":65,"column":3}},"loc":{"start":{"line":65,"column":15},"end":{"line":69,"column":3}},"line":65},"6":{"name":"(anonymous_6)","decl":{"start":{"line":71,"column":2},"end":{"line":71,"column":3}},"loc":{"start":{"line":71,"column":20},"end":{"line":80,"column":3}},"line":71},"7":{"name":"(anonymous_7)","decl":{"start":{"line":82,"column":2},"end":{"line":82,"column":3}},"loc":{"start":{"line":82,"column":21},"end":{"line":90,"column":3}},"line":82},"8":{"name":"(anonymous_8)","decl":{"start":{"line":92,"column":2},"end":{"line":92,"column":3}},"loc":{"start":{"line":92,"column":21},"end":{"line":101,"column":3}},"line":92},"9":{"name":"(anonymous_9)","decl":{"start":{"line":103,"column":2},"end":{"line":103,"column":3}},"loc":{"start":{"line":103,"column":27},"end":{"line":107,"column":3}},"line":103},"10":{"name":"(anonymous_10)","decl":{"start":{"line":109,"column":2},"end":{"line":109,"column":3}},"loc":{"start":{"line":109,"column":21},"end":{"line":126,"column":3}},"line":109},"11":{"name":"(anonymous_11)","decl":{"start":{"line":128,"column":2},"end":{"line":128,"column":3}},"loc":{"start":{"line":128,"column":24},"end":{"line":136,"column":3}},"line":128},"12":{"name":"(anonymous_12)","decl":{"start":{"line":129,"column":45},"end":{"line":129,"column":46}},"loc":{"start":{"line":129,"column":55},"end":{"line":129,"column":69}},"line":129},"13":{"name":"(anonymous_13)","decl":{"start":{"line":138,"column":2},"end":{"line":138,"column":3}},"loc":{"start":{"line":138,"column":11},"end":{"line":163,"column":3}},"line":138},"14":{"name":"(anonymous_14)","decl":{"start":{"line":160,"column":31},"end":{"line":160,"column":32}},"loc":{"start":{"line":160,"column":49},"end":{"line":160,"column":81}},"line":160}},"branchMap":{"0":{"loc":{"start":{"line":42,"column":6},"end":{"line":61,"column":7}},"type":"switch","locations":[{"start":{"line":43,"column":6},"end":{"line":45,"column":14}},{"start":{"line":46,"column":6},"end":{"line":58,"column":14}},{"start":{"line":59,"column":6},"end":{"line":60,"column":14}}],"line":42},"1":{"loc":{"start":{"line":50,"column":20},"end":{"line":50,"column":75}},"type":"cond-expr","locations":[{"start":{"line":50,"column":43},"end":{"line":50,"column":58}},{"start":{"line":50,"column":61},"end":{"line":50,"column":75}}],"line":50},"2":{"loc":{"start":{"line":52,"column":10},"end":{"line":56,"column":11}},"type":"if","locations":[{"start":{"line":52,"column":10},"end":{"line":56,"column":11}},{"start":{"line":52,"column":10},"end":{"line":56,"column":11}}],"line":52},"3":{"loc":{"start":{"line":54,"column":20},"end":{"line":54,"column":74}},"type":"cond-expr","locations":[{"start":{"line":54,"column":43},"end":{"line":54,"column":57}},{"start":{"line":54,"column":60},"end":{"line":54,"column":74}}],"line":54},"4":{"loc":{"start":{"line":67,"column":13},"end":{"line":67,"column":37}},"type":"binary-expr","locations":[{"start":{"line":67,"column":13},"end":{"line":67,"column":31}},{"start":{"line":67,"column":35},"end":{"line":67,"column":37}}],"line":67},"5":{"loc":{"start":{"line":110,"column":4},"end":{"line":112,"column":5}},"type":"if","locations":[{"start":{"line":110,"column":4},"end":{"line":112,"column":5}},{"start":{"line":110,"column":4},"end":{"line":112,"column":5}}],"line":110}},"s":{"0":27,"1":27,"2":27,"3":27,"4":27,"5":27,"6":27,"7":27,"8":27,"9":27,"10":27,"11":27,"12":27,"13":27,"14":27,"15":27,"16":8,"17":1,"18":1,"19":7,"20":7,"21":7,"22":7,"23":0,"24":27,"25":2,"26":2,"27":2,"28":2,"29":3,"30":3,"31":7,"32":6,"33":1,"34":5,"35":5,"36":5,"37":2,"38":4,"39":2,"40":2,"41":96,"42":96,"43":165},"f":{"0":27,"1":27,"2":27,"3":8,"4":7,"5":27,"6":2,"7":2,"8":3,"9":7,"10":6,"11":2,"12":4,"13":96,"14":165},"b":{"0":[1,7,0],"1":[4,3],"2":[7,0],"3":[3,4],"4":[27,1],"5":[1,5]},"_coverageSchema":"332fd63041d2c1bcb487cc26dd0d5f7d97098a6c","hash":"c40307d3f4bbb88139a6b1260fc4813a50b463f4"}
,"/Users/anthonyng/Desktop/Projects/pomodoro_timer/src/components/Button/index.js": {"path":"/Users/anthonyng/Desktop/Projects/pomodoro_timer/src/components/Button/index.js","statementMap":{"0":{"start":{"line":5,"column":15},"end":{"line":7,"column":1}},"1":{"start":{"line":6,"column":2},"end":{"line":6,"column":57}},"2":{"start":{"line":9,"column":0},"end":{"line":11,"column":2}},"3":{"start":{"line":13,"column":0},"end":{"line":17,"column":2}}},"fnMap":{"0":{"name":"(anonymous_0)","decl":{"start":{"line":5,"column":15},"end":{"line":5,"column":16}},"loc":{"start":{"line":6,"column":2},"end":{"line":6,"column":57}},"line":6}},"branchMap":{},"s":{"0":3,"1":194,"2":3,"3":3},"f":{"0":194},"b":{},"_coverageSchema":"332fd63041d2c1bcb487cc26dd0d5f7d97098a6c","hash":"912589fc7ad1c732cc9cc562cfa617b2db18bfca"}
,"/Users/anthonyng/Desktop/Projects/pomodoro_timer/src/components/Task/index.js": {"path":"/Users/anthonyng/Desktop/Projects/pomodoro_timer/src/components/Task/index.js","statementMap":{"0":{"start":{"line":6,"column":11},"end":{"line":9,"column":2}},"1":{"start":{"line":11,"column":10},"end":{"line":13,"column":2}},"2":{"start":{"line":15,"column":15},"end":{"line":17,"column":2}},"3":{"start":{"line":19,"column":13},"end":{"line":27,"column":1}},"4":{"start":{"line":20,"column":2},"end":{"line":26,"column":8}},"5":{"start":{"line":23,"column":27},"end":{"line":23,"column":44}},"6":{"start":{"line":29,"column":0},"end":{"line":31,"column":2}},"7":{"start":{"line":33,"column":0},"end":{"line":38,"column":2}}},"fnMap":{"0":{"name":"(anonymous_0)","decl":{"start":{"line":19,"column":13},"end":{"line":19,"column":14}},"loc":{"start":{"line":20,"column":2},"end":{"line":26,"column":8}},"line":20},"1":{"name":"(anonymous_1)","decl":{"start":{"line":23,"column":21},"end":{"line":23,"column":22}},"loc":{"start":{"line":23,"column":27},"end":{"line":23,"column":44}},"line":23}},"branchMap":{},"s":{"0":4,"1":4,"2":4,"3":4,"4":21,"5":3,"6":4,"7":4},"f":{"0":21,"1":3},"b":{},"_coverageSchema":"332fd63041d2c1bcb487cc26dd0d5f7d97098a6c","hash":"6a55814a1687a70007f1c83562f9112ee8631a49"}
,"/Users/anthonyng/Desktop/Projects/pomodoro_timer/src/components/TaskInput/index.js": {"path":"/Users/anthonyng/Desktop/Projects/pomodoro_timer/src/components/TaskInput/index.js","statementMap":{"0":{"start":{"line":6,"column":18},"end":{"line":8,"column":2}},"1":{"start":{"line":9,"column":17},"end":{"line":14,"column":2}},"2":{"start":{"line":18,"column":4},"end":{"line":18,"column":12}},"3":{"start":{"line":20,"column":4},"end":{"line":20,"column":57}},"4":{"start":{"line":24,"column":4},"end":{"line":26,"column":5}},"5":{"start":{"line":25,"column":6},"end":{"line":25,"column":28}},"6":{"start":{"line":30,"column":42},"end":{"line":30,"column":52}},"7":{"start":{"line":32,"column":4},"end":{"line":41,"column":6}},"8":{"start":{"line":45,"column":0},"end":{"line":48,"column":2}},"9":{"start":{"line":50,"column":0},"end":{"line":54,"column":2}}},"fnMap":{"0":{"name":"(anonymous_0)","decl":{"start":{"line":17,"column":2},"end":{"line":17,"column":3}},"loc":{"start":{"line":17,"column":16},"end":{"line":21,"column":3}},"line":17},"1":{"name":"(anonymous_1)","decl":{"start":{"line":23,"column":2},"end":{"line":23,"column":3}},"loc":{"start":{"line":23,"column":20},"end":{"line":27,"column":3}},"line":23},"2":{"name":"(anonymous_2)","decl":{"start":{"line":29,"column":2},"end":{"line":29,"column":3}},"loc":{"start":{"line":29,"column":11},"end":{"line":42,"column":3}},"line":29}},"branchMap":{"0":{"loc":{"start":{"line":24,"column":4},"end":{"line":26,"column":5}},"type":"if","locations":[{"start":{"line":24,"column":4},"end":{"line":26,"column":5}},{"start":{"line":24,"column":4},"end":{"line":26,"column":5}}],"line":24}},"s":{"0":3,"1":3,"2":32,"3":32,"4":7,"5":6,"6":44,"7":44,"8":3,"9":3},"f":{"0":32,"1":7,"2":44},"b":{"0":[6,1]},"_coverageSchema":"332fd63041d2c1bcb487cc26dd0d5f7d97098a6c","hash":"d0e0ab89b1920a5535a20c8726527904fc39ee45"}
,"/Users/anthonyng/Desktop/Projects/pomodoro_timer/src/components/TaskList/index.js": {"path":"/Users/anthonyng/Desktop/Projects/pomodoro_timer/src/components/TaskList/index.js","statementMap":{"0":{"start":{"line":7,"column":18},"end":{"line":10,"column":2}},"1":{"start":{"line":12,"column":17},"end":{"line":24,"column":1}},"2":{"start":{"line":13,"column":2},"end":{"line":23,"column":14}},"3":{"start":{"line":16,"column":8},"end":{"line":20,"column":10}},"4":{"start":{"line":26,"column":0},"end":{"line":29,"column":2}},"5":{"start":{"line":31,"column":0},"end":{"line":38,"column":2}}},"fnMap":{"0":{"name":"(anonymous_0)","decl":{"start":{"line":12,"column":17},"end":{"line":12,"column":18}},"loc":{"start":{"line":13,"column":2},"end":{"line":23,"column":14}},"line":13},"1":{"name":"(anonymous_1)","decl":{"start":{"line":15,"column":16},"end":{"line":15,"column":17}},"loc":{"start":{"line":16,"column":8},"end":{"line":20,"column":10}},"line":16}},"branchMap":{},"s":{"0":3,"1":3,"2":97,"3":21,"4":3,"5":3},"f":{"0":97,"1":21},"b":{},"_coverageSchema":"332fd63041d2c1bcb487cc26dd0d5f7d97098a6c","hash":"2aea2eddeacfffdf8257c9a766c9e0287b3b414e"}
,"/Users/anthonyng/Desktop/Projects/pomodoro_timer/src/components/TimeDisplay/index.js": {"path":"/Users/anthonyng/Desktop/Projects/pomodoro_timer/src/components/TimeDisplay/index.js","statementMap":{"0":{"start":{"line":6,"column":11},"end":{"line":9,"column":2}},"1":{"start":{"line":11,"column":20},"end":{"line":13,"column":1}},"2":{"start":{"line":12,"column":2},"end":{"line":12,"column":36}},"3":{"start":{"line":15,"column":0},"end":{"line":17,"column":2}},"4":{"start":{"line":19,"column":0},"end":{"line":21,"column":2}}},"fnMap":{"0":{"name":"(anonymous_0)","decl":{"start":{"line":11,"column":20},"end":{"line":11,"column":21}},"loc":{"start":{"line":12,"column":2},"end":{"line":12,"column":36}},"line":12}},"branchMap":{},"s":{"0":3,"1":3,"2":97,"3":3,"4":3},"f":{"0":97},"b":{},"_coverageSchema":"332fd63041d2c1bcb487cc26dd0d5f7d97098a6c","hash":"f70e52ff7166b3c70887c2d53bfd022795b10a4b"}
,"/Users/anthonyng/Desktop/Projects/pomodoro_timer/src/components/TimerApp/index.js": {"path":"/Users/anthonyng/Desktop/Projects/pomodoro_timer/src/components/TimerApp/index.js","statementMap":{"0":{"start":{"line":9,"column":17},"end":{"line":47,"column":1}},"1":{"start":{"line":21,"column":2},"end":{"line":46,"column":8}},"2":{"start":{"line":49,"column":0},"end":{"line":56,"column":2}},"3":{"start":{"line":58,"column":0},"end":{"line":72,"column":2}}},"fnMap":{"0":{"name":"(anonymous_0)","decl":{"start":{"line":9,"column":17},"end":{"line":9,"column":18}},"loc":{"start":{"line":21,"column":2},"end":{"line":46,"column":8}},"line":21}},"branchMap":{"0":{"loc":{"start":{"line":25,"column":12},"end":{"line":25,"column":44}},"type":"cond-expr","locations":[{"start":{"line":25,"column":28},"end":{"line":25,"column":35}},{"start":{"line":25,"column":38},"end":{"line":25,"column":44}}],"line":25},"1":{"loc":{"start":{"line":26,"column":15},"end":{"line":26,"column":57}},"type":"cond-expr","locations":[{"start":{"line":26,"column":31},"end":{"line":26,"column":43}},{"start":{"line":26,"column":46},"end":{"line":26,"column":57}}],"line":26}},"s":{"0":2,"1":103,"2":2,"3":2},"f":{"0":103},"b":{"0":[8,95],"1":[8,95]},"_coverageSchema":"332fd63041d2c1bcb487cc26dd0d5f7d97098a6c","hash":"837256f5b886f1981cd5239d2096c422a43de733"}
,"/Users/anthonyng/Desktop/Projects/pomodoro_timer/src/components/WebNotifications/index.js": {"path":"/Users/anthonyng/Desktop/Projects/pomodoro_timer/src/components/WebNotifications/index.js","statementMap":{"0":{"start":{"line":5,"column":4},"end":{"line":5,"column":12}},"1":{"start":{"line":7,"column":4},"end":{"line":7,"column":39}},"2":{"start":{"line":11,"column":4},"end":{"line":26,"column":5}},"3":{"start":{"line":13,"column":6},"end":{"line":13,"column":74}},"4":{"start":{"line":15,"column":11},"end":{"line":26,"column":5}},"5":{"start":{"line":17,"column":6},"end":{"line":17,"column":52}},"6":{"start":{"line":18,"column":6},"end":{"line":18,"column":40}},"7":{"start":{"line":20,"column":11},"end":{"line":26,"column":5}},"8":{"start":{"line":21,"column":6},"end":{"line":25,"column":9}},"9":{"start":{"line":22,"column":8},"end":{"line":24,"column":9}},"10":{"start":{"line":23,"column":10},"end":{"line":23,"column":44}},"11":{"start":{"line":30,"column":4},"end":{"line":30,"column":44}},"12":{"start":{"line":30,"column":37},"end":{"line":30,"column":44}},"13":{"start":{"line":32,"column":20},"end":{"line":35,"column":5}},"14":{"start":{"line":36,"column":4},"end":{"line":36,"column":44}},"15":{"start":{"line":40,"column":4},"end":{"line":40,"column":16}}},"fnMap":{"0":{"name":"(anonymous_0)","decl":{"start":{"line":4,"column":2},"end":{"line":4,"column":3}},"loc":{"start":{"line":4,"column":16},"end":{"line":8,"column":3}},"line":4},"1":{"name":"(anonymous_1)","decl":{"start":{"line":10,"column":2},"end":{"line":10,"column":3}},"loc":{"start":{"line":10,"column":22},"end":{"line":27,"column":3}},"line":10},"2":{"name":"(anonymous_2)","decl":{"start":{"line":21,"column":51},"end":{"line":21,"column":52}},"loc":{"start":{"line":21,"column":63},"end":{"line":25,"column":7}},"line":21},"3":{"name":"(anonymous_3)","decl":{"start":{"line":29,"column":2},"end":{"line":29,"column":3}},"loc":{"start":{"line":29,"column":75},"end":{"line":37,"column":3}},"line":29},"4":{"name":"(anonymous_4)","decl":{"start":{"line":39,"column":2},"end":{"line":39,"column":3}},"loc":{"start":{"line":39,"column":11},"end":{"line":41,"column":3}},"line":39}},"branchMap":{"0":{"loc":{"start":{"line":11,"column":4},"end":{"line":26,"column":5}},"type":"if","locations":[{"start":{"line":11,"column":4},"end":{"line":26,"column":5}},{"start":{"line":11,"column":4},"end":{"line":26,"column":5}}],"line":11},"1":{"loc":{"start":{"line":15,"column":11},"end":{"line":26,"column":5}},"type":"if","locations":[{"start":{"line":15,"column":11},"end":{"line":26,"column":5}},{"start":{"line":15,"column":11},"end":{"line":26,"column":5}}],"line":15},"2":{"loc":{"start":{"line":20,"column":11},"end":{"line":26,"column":5}},"type":"if","locations":[{"start":{"line":20,"column":11},"end":{"line":26,"column":5}},{"start":{"line":20,"column":11},"end":{"line":26,"column":5}}],"line":20},"3":{"loc":{"start":{"line":22,"column":8},"end":{"line":24,"column":9}},"type":"if","locations":[{"start":{"line":22,"column":8},"end":{"line":24,"column":9}},{"start":{"line":22,"column":8},"end":{"line":24,"column":9}}],"line":22},"4":{"loc":{"start":{"line":29,"column":21},"end":{"line":29,"column":73}},"type":"default-arg","locations":[{"start":{"line":29,"column":71},"end":{"line":29,"column":73}}],"line":29},"5":{"loc":{"start":{"line":29,"column":23},"end":{"line":29,"column":55}},"type":"default-arg","locations":[{"start":{"line":29,"column":31},"end":{"line":29,"column":55}}],"line":29},"6":{"loc":{"start":{"line":29,"column":57},"end":{"line":29,"column":66}},"type":"default-arg","locations":[{"start":{"line":29,"column":64},"end":{"line":29,"column":66}}],"line":29},"7":{"loc":{"start":{"line":30,"column":4},"end":{"line":30,"column":44}},"type":"if","locations":[{"start":{"line":30,"column":4},"end":{"line":30,"column":44}},{"start":{"line":30,"column":4},"end":{"line":30,"column":44}}],"line":30}},"s":{"0":8,"1":8,"2":8,"3":1,"4":7,"5":3,"6":3,"7":4,"8":3,"9":3,"10":1,"11":7,"12":3,"13":4,"14":4,"15":8},"f":{"0":8,"1":8,"2":3,"3":7,"4":8},"b":{"0":[1,7],"1":[3,4],"2":[3,1],"3":[1,2],"4":[6],"5":[6],"6":[6],"7":[3,4]},"_coverageSchema":"332fd63041d2c1bcb487cc26dd0d5f7d97098a6c","hash":"74323c7df4925a3b2f8524e52cb5f845d4925f54"}
,"/Users/anthonyng/Desktop/Projects/pomodoro_timer/src/utility/localStorage.js": {"path":"/Users/anthonyng/Desktop/Projects/pomodoro_timer/src/utility/localStorage.js","statementMap":{"0":{"start":{"line":1,"column":16},"end":{"line":20,"column":4}},"1":{"start":{"line":2,"column":14},"end":{"line":2,"column":30}},"2":{"start":{"line":4,"column":14},"end":{"line":10,"column":3}},"3":{"start":{"line":5,"column":4},"end":{"line":9,"column":5}},"4":{"start":{"line":6,"column":6},"end":{"line":6,"column":58}},"5":{"start":{"line":8,"column":6},"end":{"line":8,"column":16}},"6":{"start":{"line":12,"column":14},"end":{"line":14,"column":3}},"7":{"start":{"line":13,"column":4},"end":{"line":13,"column":64}},"8":{"start":{"line":16,"column":2},"end":{"line":19,"column":4}}},"fnMap":{"0":{"name":"(anonymous_0)","decl":{"start":{"line":1,"column":17},"end":{"line":1,"column":18}},"loc":{"start":{"line":1,"column":28},"end":{"line":20,"column":1}},"line":1},"1":{"name":"(anonymous_1)","decl":{"start":{"line":4,"column":14},"end":{"line":4,"column":15}},"loc":{"start":{"line":4,"column":20},"end":{"line":10,"column":3}},"line":4},"2":{"name":"(anonymous_2)","decl":{"start":{"line":12,"column":14},"end":{"line":12,"column":15}},"loc":{"start":{"line":12,"column":29},"end":{"line":14,"column":3}},"line":12}},"branchMap":{},"s":{"0":2,"1":2,"2":2,"3":2,"4":2,"5":1,"6":2,"7":1,"8":2},"f":{"0":2,"1":2,"2":1},"b":{},"_coverageSchema":"332fd63041d2c1bcb487cc26dd0d5f7d97098a6c","hash":"d80b12b2ea4affbe2b2aefe5374b5b426b6427fc"}
,"/Users/anthonyng/Desktop/Projects/pomodoro_timer/src/utility/noop.js": {"path":"/Users/anthonyng/Desktop/Projects/pomodoro_timer/src/utility/noop.js","statementMap":{},"fnMap":{"0":{"name":"(anonymous_0)","decl":{"start":{"line":1,"column":15},"end":{"line":1,"column":16}},"loc":{"start":{"line":1,"column":21},"end":{"line":1,"column":23}},"line":1}},"branchMap":{},"s":{},"f":{"0":0},"b":{},"_coverageSchema":"332fd63041d2c1bcb487cc26dd0d5f7d97098a6c","hash":"054172f336c5c33b0ce8e32c566c8fc2b0d28161"}
,"/Users/anthonyng/Desktop/Projects/pomodoro_timer/src/utility/timeFormatter.js": {"path":"/Users/anthonyng/Desktop/Projects/pomodoro_timer/src/utility/timeFormatter.js","statementMap":{"0":{"start":{"line":1,"column":25},"end":{"line":9,"column":1}},"1":{"start":{"line":2,"column":21},"end":{"line":2,"column":32}},"2":{"start":{"line":4,"column":2},"end":{"line":6,"column":3}},"3":{"start":{"line":5,"column":4},"end":{"line":5,"column":38}},"4":{"start":{"line":8,"column":2},"end":{"line":8,"column":22}},"5":{"start":{"line":11,"column":22},"end":{"line":16,"column":1}},"6":{"start":{"line":12,"column":18},"end":{"line":12,"column":65}},"7":{"start":{"line":13,"column":18},"end":{"line":13,"column":74}},"8":{"start":{"line":15,"column":2},"end":{"line":15,"column":33}}},"fnMap":{"0":{"name":"(anonymous_0)","decl":{"start":{"line":1,"column":25},"end":{"line":1,"column":26}},"loc":{"start":{"line":1,"column":52},"end":{"line":9,"column":1}},"line":1},"1":{"name":"(anonymous_1)","decl":{"start":{"line":11,"column":22},"end":{"line":11,"column":23}},"loc":{"start":{"line":11,"column":30},"end":{"line":16,"column":1}},"line":11}},"branchMap":{},"s":{"0":4,"1":202,"2":202,"3":105,"4":202,"5":4,"6":101,"7":101,"8":101},"f":{"0":202,"1":101},"b":{},"_coverageSchema":"332fd63041d2c1bcb487cc26dd0d5f7d97098a6c","hash":"ccb71b3f356995307d69c4e3a9e5f69fc6d09253"}
,"/Users/anthonyng/Desktop/Projects/pomodoro_timer/src/utility/uuid.js": {"path":"/Users/anthonyng/Desktop/Projects/pomodoro_timer/src/utility/uuid.js","statementMap":{"0":{"start":{"line":1,"column":13},"end":{"line":1,"column":75}},"1":{"start":{"line":4,"column":15},"end":{"line":4,"column":133}},"2":{"start":{"line":4,"column":134},"end":{"line":6,"column":2}}},"fnMap":{"0":{"name":"b","decl":{"start":{"line":4,"column":9},"end":{"line":4,"column":10}},"loc":{"start":{"line":4,"column":14},"end":{"line":4,"column":134}},"line":4}},"branchMap":{"0":{"loc":{"start":{"line":4,"column":22},"end":{"line":4,"column":132}},"type":"cond-expr","locations":[{"start":{"line":4,"column":26},"end":{"line":4,"column":72}},{"start":{"line":4,"column":75},"end":{"line":4,"column":132}}],"line":4}},"s":{"0":0,"1":0,"2":0},"f":{"0":0},"b":{"0":[0,0]}}
,"/Users/anthonyng/Desktop/Projects/pomodoro_timer/src/utility/webworker.js": {"path":"/Users/anthonyng/Desktop/Projects/pomodoro_timer/src/utility/webworker.js","statementMap":{"0":{"start":{"line":1,"column":31},"end":{"line":1,"column":32}},"1":{"start":{"line":2,"column":12},"end":{"line":2,"column":16}},"2":{"start":{"line":4,"column":17},"end":{"line":7,"column":1}},"3":{"start":{"line":4,"column":51},"end":{"line":4,"column":120}},"4":{"start":{"line":5,"column":2},"end":{"line":5,"column":21}},"5":{"start":{"line":6,"column":2},"end":{"line":6,"column":34}},"6":{"start":{"line":9,"column":11},"end":{"line":23,"column":1}},"7":{"start":{"line":10,"column":2},"end":{"line":10,"column":22}},"8":{"start":{"line":12,"column":2},"end":{"line":14,"column":25}},"9":{"start":{"line":17,"column":2},"end":{"line":22,"column":3}},"10":{"start":{"line":18,"column":4},"end":{"line":18,"column":16}},"11":{"start":{"line":19,"column":4},"end":{"line":20,"column":28}},"12":{"start":{"line":25,"column":16},"end":{"line":27,"column":1}},"13":{"start":{"line":26,"column":2},"end":{"line":26,"column":23}},"14":{"start":{"line":29,"column":0},"end":{"line":40,"column":3}},"15":{"start":{"line":30,"column":2},"end":{"line":38,"column":14}},"16":{"start":{"line":32,"column":6},"end":{"line":32,"column":30}},"17":{"start":{"line":33,"column":6},"end":{"line":33,"column":12}},"18":{"start":{"line":35,"column":6},"end":{"line":35,"column":18}},"19":{"start":{"line":36,"column":6},"end":{"line":36,"column":12}},"20":{"start":{"line":38,"column":6},"end":{"line":38,"column":13}}},"fnMap":{"0":{"name":"startTimer","decl":{"start":{"line":4,"column":26},"end":{"line":4,"column":36}},"loc":{"start":{"line":4,"column":39},"end":{"line":7,"column":1}},"line":4},"1":{"name":"tick","decl":{"start":{"line":9,"column":20},"end":{"line":9,"column":24}},"loc":{"start":{"line":9,"column":27},"end":{"line":23,"column":1}},"line":9},"2":{"name":"stopTimer","decl":{"start":{"line":25,"column":25},"end":{"line":25,"column":34}},"loc":{"start":{"line":25,"column":37},"end":{"line":27,"column":1}},"line":25},"3":{"name":"(anonymous_3)","decl":{"start":{"line":29,"column":33},"end":{"line":29,"column":34}},"loc":{"start":{"line":29,"column":46},"end":{"line":40,"column":1}},"line":29}},"branchMap":{"0":{"loc":{"start":{"line":4,"column":51},"end":{"line":4,"column":120}},"type":"cond-expr","locations":[{"start":{"line":4,"column":104},"end":{"line":4,"column":116}},{"start":{"line":4,"column":119},"end":{"line":4,"column":120}}],"line":4},"1":{"loc":{"start":{"line":4,"column":51},"end":{"line":4,"column":101}},"type":"binary-expr","locations":[{"start":{"line":4,"column":51},"end":{"line":4,"column":71}},{"start":{"line":4,"column":75},"end":{"line":4,"column":101}}],"line":4},"2":{"loc":{"start":{"line":17,"column":2},"end":{"line":22,"column":3}},"type":"if","locations":[{"start":{"line":17,"column":2},"end":{"line":22,"column":3}},{"start":{"line":17,"column":2},"end":{"line":22,"column":3}}],"line":17},"3":{"loc":{"start":{"line":30,"column":2},"end":{"line":38,"column":14}},"type":"switch","locations":[{"start":{"line":31,"column":4},"end":{"line":33,"column":12}},{"start":{"line":34,"column":4},"end":{"line":36,"column":12}},{"start":{"line":37,"column":4},"end":{"line":38,"column":13}}],"line":30}},"s":{"0":0,"1":0,"2":0,"3":0,"4":0,"5":0,"6":0,"7":0,"8":0,"9":0,"10":0,"11":0,"12":0,"13":0,"14":0,"15":0,"16":0,"17":0,"18":0,"19":0,"20":0},"f":{"0":0,"1":0,"2":0,"3":0},"b":{"0":[0,0],"1":[0,0],"2":[0,0],"3":[0,0,0]}}
,"/Users/anthonyng/Desktop/Projects/pomodoro_timer/src/utility/webworkerWrapper.js": {"path":"/Users/anthonyng/Desktop/Projects/pomodoro_timer/src/utility/webworkerWrapper.js","statementMap":{"0":{"start":{"line":1,"column":13},"end":{"line":1,"column":75}},"1":{"start":{"line":1,"column":75},"end":{"line":1,"column":133}}},"fnMap":{},"branchMap":{},"s":{"0":0,"1":0},"f":{},"b":{}}
}
