TN:
SF:/Users/anthonyng/Desktop/Projects/pomodoro_timer/src/index.js
FN:3,_interopRequireDefault
FNF:1
FNH:0
FNDA:0,_interopRequireDefault
DA:1,0
DA:2,0
DA:3,0
DA:5,0
LF:4
LH:0
BRDA:3,0,0,0
BRDA:3,0,1,0
BRDA:3,1,0,0
BRDA:3,1,1,0
BRF:4
BRH:0
end_of_record
TN:
SF:/Users/anthonyng/Desktop/Projects/pomodoro_timer/src/components/App/index.js
FN:9,(anonymous_0)
FN:33,(anonymous_1)
FN:38,(anonymous_2)
FN:41,(anonymous_3)
FN:51,(anonymous_4)
FN:65,(anonymous_5)
FN:71,(anonymous_6)
FN:82,(anonymous_7)
FN:92,(anonymous_8)
FN:103,(anonymous_9)
FN:109,(anonymous_10)
FN:128,(anonymous_11)
FN:129,(anonymous_12)
FN:138,(anonymous_13)
FN:160,(anonymous_14)
FNF:15
FNH:15
FNDA:27,(anonymous_0)
FNDA:27,(anonymous_1)
FNDA:27,(anonymous_2)
FNDA:8,(anonymous_3)
FNDA:7,(anonymous_4)
FNDA:27,(anonymous_5)
FNDA:2,(anonymous_6)
FNDA:2,(anonymous_7)
FNDA:3,(anonymous_8)
FNDA:7,(anonymous_9)
FNDA:6,(anonymous_10)
FNDA:2,(anonymous_11)
FNDA:4,(anonymous_12)
FNDA:96,(anonymous_13)
FNDA:165,(anonymous_14)
DA:10,27
DA:12,27
DA:13,27
DA:15,27
DA:23,27
DA:24,27
DA:25,27
DA:26,27
DA:27,27
DA:28,27
DA:29,27
DA:30,27
DA:34,27
DA:35,27
DA:39,27
DA:41,27
DA:42,8
DA:44,1
DA:45,1
DA:47,7
DA:52,7
DA:53,7
DA:58,7
DA:60,0
DA:66,27
DA:72,2
DA:77,2
DA:83,2
DA:87,2
DA:93,3
DA:97,3
DA:104,7
DA:110,6
DA:111,1
DA:114,5
DA:120,5
DA:125,5
DA:129,4
DA:131,2
DA:135,2
DA:144,96
DA:146,96
DA:160,165
LF:43
LH:42
BRDA:42,0,0,1
BRDA:42,0,1,7
BRDA:42,0,2,0
BRDA:50,1,0,4
BRDA:50,1,1,3
BRDA:52,2,0,7
BRDA:52,2,1,0
BRDA:54,3,0,3
BRDA:54,3,1,4
BRDA:67,4,0,27
BRDA:67,4,1,1
BRDA:110,5,0,1
BRDA:110,5,1,5
BRF:13
BRH:11
end_of_record
TN:
SF:/Users/anthonyng/Desktop/Projects/pomodoro_timer/src/components/Button/index.js
FN:5,(anonymous_0)
FNF:1
FNH:1
FNDA:194,(anonymous_0)
DA:5,3
DA:6,194
DA:9,3
DA:13,3
LF:4
LH:4
BRF:0
BRH:0
end_of_record
TN:
SF:/Users/anthonyng/Desktop/Projects/pomodoro_timer/src/components/Task/index.js
FN:19,(anonymous_0)
FN:23,(anonymous_1)
FNF:2
FNH:2
FNDA:21,(anonymous_0)
FNDA:3,(anonymous_1)
DA:6,4
DA:11,4
DA:15,4
DA:19,4
DA:20,21
DA:23,3
DA:29,4
DA:33,4
LF:8
LH:8
BRF:0
BRH:0
end_of_record
TN:
SF:/Users/anthonyng/Desktop/Projects/pomodoro_timer/src/components/TaskInput/index.js
FN:17,(anonymous_0)
FN:23,(anonymous_1)
FN:29,(anonymous_2)
FNF:3
FNH:3
FNDA:32,(anonymous_0)
FNDA:7,(anonymous_1)
FNDA:44,(anonymous_2)
DA:6,3
DA:9,3
DA:18,32
DA:20,32
DA:24,7
DA:25,6
DA:30,44
DA:32,44
DA:45,3
DA:50,3
LF:10
LH:10
BRDA:24,0,0,6
BRDA:24,0,1,1
BRF:2
BRH:2
end_of_record
TN:
SF:/Users/anthonyng/Desktop/Projects/pomodoro_timer/src/components/TaskList/index.js
FN:12,(anonymous_0)
FN:15,(anonymous_1)
FNF:2
FNH:2
FNDA:97,(anonymous_0)
FNDA:21,(anonymous_1)
DA:7,3
DA:12,3
DA:13,97
DA:16,21
DA:26,3
DA:31,3
LF:6
LH:6
BRF:0
BRH:0
end_of_record
TN:
SF:/Users/anthonyng/Desktop/Projects/pomodoro_timer/src/components/TimeDisplay/index.js
FN:11,(anonymous_0)
FNF:1
FNH:1
FNDA:97,(anonymous_0)
DA:6,3
DA:11,3
DA:12,97
DA:15,3
DA:19,3
LF:5
LH:5
BRF:0
BRH:0
end_of_record
TN:
SF:/Users/anthonyng/Desktop/Projects/pomodoro_timer/src/components/TimerApp/index.js
FN:9,(anonymous_0)
FNF:1
FNH:1
FNDA:103,(anonymous_0)
DA:9,2
DA:21,103
DA:49,2
DA:58,2
LF:4
LH:4
BRDA:25,0,0,8
BRDA:25,0,1,95
BRDA:26,1,0,8
BRDA:26,1,1,95
BRF:4
BRH:4
end_of_record
TN:
SF:/Users/anthonyng/Desktop/Projects/pomodoro_timer/src/components/WebNotifications/index.js
FN:4,(anonymous_0)
FN:10,(anonymous_1)
FN:21,(anonymous_2)
FN:29,(anonymous_3)
FN:39,(anonymous_4)
FNF:5
FNH:5
FNDA:8,(anonymous_0)
FNDA:8,(anonymous_1)
FNDA:3,(anonymous_2)
FNDA:7,(anonymous_3)
FNDA:8,(anonymous_4)
DA:5,8
DA:7,8
DA:11,8
DA:13,1
DA:15,7
DA:17,3
DA:18,3
DA:20,4
DA:21,3
DA:22,3
DA:23,1
DA:30,7
DA:32,4
DA:36,4
DA:40,8
LF:15
LH:15
BRDA:11,0,0,1
BRDA:11,0,1,7
BRDA:15,1,0,3
BRDA:15,1,1,4
BRDA:20,2,0,3
BRDA:20,2,1,1
BRDA:22,3,0,1
BRDA:22,3,1,2
BRDA:29,4,0,6
BRDA:29,5,0,6
BRDA:29,6,0,6
BRDA:30,7,0,3
BRDA:30,7,1,4
BRF:13
BRH:13
end_of_record
TN:
SF:/Users/anthonyng/Desktop/Projects/pomodoro_timer/src/utility/localStorage.js
FN:1,(anonymous_0)
FN:4,(anonymous_1)
FN:12,(anonymous_2)
FNF:3
FNH:3
FNDA:2,(anonymous_0)
FNDA:2,(anonymous_1)
FNDA:1,(anonymous_2)
DA:1,2
DA:2,2
DA:4,2
DA:5,2
DA:6,2
DA:8,1
DA:12,2
DA:13,1
DA:16,2
LF:9
LH:9
BRF:0
BRH:0
end_of_record
TN:
SF:/Users/anthonyng/Desktop/Projects/pomodoro_timer/src/utility/noop.js
FN:1,(anonymous_0)
FNF:1
FNH:0
FNDA:0,(anonymous_0)
LF:0
LH:0
BRF:0
BRH:0
end_of_record
TN:
SF:/Users/anthonyng/Desktop/Projects/pomodoro_timer/src/utility/timeFormatter.js
FN:1,(anonymous_0)
FN:11,(anonymous_1)
FNF:2
FNH:2
FNDA:202,(anonymous_0)
FNDA:101,(anonymous_1)
DA:1,4
DA:2,202
DA:4,202
DA:5,105
DA:8,202
DA:11,4
DA:12,101
DA:13,101
DA:15,101
LF:9
LH:9
BRF:0
BRH:0
end_of_record
TN:
SF:/Users/anthonyng/Desktop/Projects/pomodoro_timer/src/utility/uuid.js
FN:4,b
FNF:1
FNH:0
FNDA:0,b
DA:1,0
DA:4,0
LF:2
LH:0
BRDA:4,0,0,0
BRDA:4,0,1,0
BRF:2
BRH:0
end_of_record
TN:
SF:/Users/anthonyng/Desktop/Projects/pomodoro_timer/src/utility/webworker.js
FN:4,startTimer
FN:9,tick
FN:25,stopTimer
FN:29,(anonymous_3)
FNF:4
FNH:0
FNDA:0,startTimer
FNDA:0,tick
FNDA:0,stopTimer
FNDA:0,(anonymous_3)
DA:1,0
DA:2,0
DA:4,0
DA:5,0
DA:6,0
DA:9,0
DA:10,0
DA:12,0
DA:17,0
DA:18,0
DA:19,0
DA:25,0
DA:26,0
DA:29,0
DA:30,0
DA:32,0
DA:33,0
DA:35,0
DA:36,0
DA:38,0
LF:20
LH:0
BRDA:4,0,0,0
BRDA:4,0,1,0
BRDA:4,1,0,0
BRDA:4,1,1,0
BRDA:17,2,0,0
BRDA:17,2,1,0
BRDA:30,3,0,0
BRDA:30,3,1,0
BRDA:30,3,2,0
BRF:9
BRH:0
end_of_record
TN:
SF:/Users/anthonyng/Desktop/Projects/pomodoro_timer/src/utility/webworkerWrapper.js
FNF:0
FNH:0
DA:1,0
LF:1
LH:0
BRF:0
BRH:0
end_of_record
