TN:
SF:/Users/anthonyng/Desktop/Projects/pomodoro_timer/src/index.js
FN:3,_interopRequireDefault
FNF:1
FNH:0
FNDA:0,_interopRequireDefault
DA:1,0
DA:2,0
DA:3,0
DA:5,0
LF:4
LH:0
BRDA:3,0,0,0
BRDA:3,0,1,0
BRDA:3,1,0,0
BRDA:3,1,1,0
BRF:4
BRH:0
end_of_record
TN:
SF:/Users/anthonyng/Desktop/Projects/pomodoro_timer/src/components/App/index.js
FN:11,(anonymous_0)
FN:37,(anonymous_1)
FN:44,(anonymous_2)
FN:47,(anonymous_3)
FN:57,(anonymous_4)
FN:69,(anonymous_5)
FN:89,(anonymous_6)
FN:95,(anonymous_7)
FN:106,(anonymous_8)
FN:116,(anonymous_9)
FN:128,(anonymous_10)
FN:134,(anonymous_11)
FN:153,(anonymous_12)
FN:154,(anonymous_13)
FN:163,(anonymous_14)
FN:170,(anonymous_15)
FN:195,(anonymous_16)
FNF:17
FNH:17
FNDA:35,(anonymous_0)
FNDA:35,(anonymous_1)
FNDA:35,(anonymous_2)
FNDA:8,(anonymous_3)
FNDA:7,(anonymous_4)
FNDA:5,(anonymous_5)
FNDA:35,(anonymous_6)
FNDA:2,(anonymous_7)
FNDA:2,(anonymous_8)
FNDA:4,(anonymous_9)
FNDA:6,(anonymous_10)
FNDA:4,(anonymous_11)
FNDA:2,(anonymous_12)
FNDA:4,(anonymous_13)
FNDA:2,(anonymous_14)
FNDA:117,(anonymous_15)
FNDA:199,(anonymous_16)
DA:12,35
DA:14,35
DA:15,35
DA:17,35
DA:25,35
DA:26,35
DA:27,35
DA:28,35
DA:29,35
DA:30,35
DA:31,35
DA:32,35
DA:33,35
DA:34,35
DA:38,35
DA:39,35
DA:41,35
DA:45,35
DA:47,35
DA:48,8
DA:50,1
DA:51,1
DA:53,7
DA:58,7
DA:59,7
DA:64,7
DA:70,5
DA:72,4
DA:74,2
DA:75,1
DA:77,1
DA:79,2
DA:81,1
DA:82,1
DA:84,1
DA:85,1
DA:90,35
DA:96,2
DA:101,2
DA:107,2
DA:111,2
DA:117,4
DA:121,4
DA:129,6
DA:135,4
DA:136,0
DA:139,4
DA:145,4
DA:150,4
DA:154,4
DA:156,2
DA:160,2
DA:164,2
DA:165,2
DA:167,2
DA:176,117
DA:178,117
DA:195,199
LF:58
LH:57
BRDA:48,0,0,1
BRDA:48,0,1,7
BRDA:56,1,0,4
BRDA:56,1,1,3
BRDA:58,2,0,7
BRDA:58,2,1,0
BRDA:60,3,0,3
BRDA:60,3,1,4
BRDA:70,4,0,1
BRDA:70,4,1,4
BRDA:72,5,0,2
BRDA:72,5,1,1
BRDA:72,5,2,1
BRDA:74,6,0,1
BRDA:74,6,1,1
BRDA:91,7,0,35
BRDA:91,7,1,1
BRDA:135,8,0,0
BRDA:135,8,1,4
BRF:19
BRH:17
end_of_record
TN:
SF:/Users/anthonyng/Desktop/Projects/pomodoro_timer/src/components/Button/index.js
FN:5,(anonymous_0)
FNF:1
FNH:1
FNDA:353,(anonymous_0)
DA:5,3
DA:6,353
DA:9,3
DA:13,3
LF:4
LH:4
BRF:0
BRH:0
end_of_record
TN:
SF:/Users/anthonyng/Desktop/Projects/pomodoro_timer/src/components/Task/index.js
FN:19,(anonymous_0)
FN:23,(anonymous_1)
FNF:2
FNH:2
FNDA:22,(anonymous_0)
FNDA:3,(anonymous_1)
DA:6,4
DA:11,4
DA:15,4
DA:19,4
DA:20,22
DA:23,3
DA:29,4
DA:33,4
LF:8
LH:8
BRF:0
BRH:0
end_of_record
TN:
SF:/Users/anthonyng/Desktop/Projects/pomodoro_timer/src/components/TaskInput/index.js
FN:17,(anonymous_0)
FNF:1
FNH:1
FNDA:120,(anonymous_0)
DA:6,3
DA:9,3
DA:17,3
DA:18,120
DA:27,3
DA:32,3
LF:6
LH:6
BRF:0
BRH:0
end_of_record
TN:
SF:/Users/anthonyng/Desktop/Projects/pomodoro_timer/src/components/TaskList/index.js
FN:14,(anonymous_0)
FN:17,(anonymous_1)
FNF:2
FNH:2
FNDA:118,(anonymous_0)
FNDA:22,(anonymous_1)
DA:7,3
DA:14,3
DA:15,118
DA:18,22
DA:28,3
DA:33,3
LF:6
LH:6
BRF:0
BRH:0
end_of_record
TN:
SF:/Users/anthonyng/Desktop/Projects/pomodoro_timer/src/components/TimeDisplay/index.js
FN:11,(anonymous_0)
FNF:1
FNH:1
FNDA:118,(anonymous_0)
DA:6,3
DA:11,3
DA:12,118
DA:15,3
DA:19,3
LF:5
LH:5
BRF:0
BRH:0
end_of_record
TN:
SF:/Users/anthonyng/Desktop/Projects/pomodoro_timer/src/components/TimerApp/index.js
FN:9,(anonymous_0)
FNF:1
FNH:1
FNDA:125,(anonymous_0)
DA:9,2
DA:22,125
DA:55,2
DA:65,2
LF:4
LH:4
BRDA:26,0,0,9
BRDA:26,0,1,116
BRDA:27,1,0,9
BRDA:27,1,1,116
BRF:4
BRH:4
end_of_record
TN:
SF:/Users/anthonyng/Desktop/Projects/pomodoro_timer/src/components/Title/index.js
FN:5,(anonymous_0)
FN:11,(anonymous_1)
FN:17,(anonymous_2)
FNF:3
FNH:3
FNDA:36,(anonymous_0)
FNDA:8,(anonymous_1)
FNDA:44,(anonymous_2)
DA:6,36
DA:8,36
DA:12,8
DA:13,8
DA:18,44
DA:22,2
LF:6
LH:6
BRDA:12,0,0,8
BRDA:12,0,1,0
BRF:2
BRH:1
end_of_record
TN:
SF:/Users/anthonyng/Desktop/Projects/pomodoro_timer/src/components/WebNotifications/index.js
FN:4,(anonymous_0)
FN:10,(anonymous_1)
FN:19,(anonymous_2)
FN:27,(anonymous_3)
FN:37,(anonymous_4)
FNF:5
FNH:5
FNDA:8,(anonymous_0)
FNDA:8,(anonymous_1)
FNDA:3,(anonymous_2)
FNDA:7,(anonymous_3)
FNDA:8,(anonymous_4)
DA:5,8
DA:7,8
DA:11,8
DA:13,1
DA:15,7
DA:16,3
DA:18,4
DA:19,3
DA:20,3
DA:21,1
DA:28,7
DA:30,4
DA:34,4
DA:38,8
LF:14
LH:14
BRDA:11,0,0,1
BRDA:11,0,1,7
BRDA:15,1,0,3
BRDA:15,1,1,4
BRDA:18,2,0,3
BRDA:18,2,1,1
BRDA:20,3,0,1
BRDA:20,3,1,2
BRDA:27,4,0,6
BRDA:27,5,0,6
BRDA:27,6,0,6
BRDA:28,7,0,3
BRDA:28,7,1,4
BRF:13
BRH:13
end_of_record
TN:
SF:/Users/anthonyng/Desktop/Projects/pomodoro_timer/src/utility/localStorage.js
FN:1,(anonymous_0)
FN:4,(anonymous_1)
FN:12,(anonymous_2)
FNF:3
FNH:3
FNDA:2,(anonymous_0)
FNDA:2,(anonymous_1)
FNDA:1,(anonymous_2)
DA:1,2
DA:2,2
DA:4,2
DA:5,2
DA:6,2
DA:8,1
DA:12,2
DA:13,1
DA:16,2
LF:9
LH:9
BRF:0
BRH:0
end_of_record
TN:
SF:/Users/anthonyng/Desktop/Projects/pomodoro_timer/src/utility/noop.js
FN:1,(anonymous_0)
FNF:1
FNH:0
FNDA:0,(anonymous_0)
LF:0
LH:0
BRF:0
BRH:0
end_of_record
TN:
SF:/Users/anthonyng/Desktop/Projects/pomodoro_timer/src/utility/timeFormatter.js
FN:1,(anonymous_0)
FN:11,(anonymous_1)
FNF:2
FNH:2
FNDA:478,(anonymous_0)
FNDA:239,(anonymous_1)
DA:1,4
DA:2,478
DA:4,478
DA:5,247
DA:8,478
DA:11,4
DA:12,239
DA:13,239
DA:15,239
LF:9
LH:9
BRF:0
BRH:0
end_of_record
TN:
SF:/Users/anthonyng/Desktop/Projects/pomodoro_timer/src/utility/uuid.js
FN:4,b
FNF:1
FNH:0
FNDA:0,b
DA:1,0
DA:4,0
LF:2
LH:0
BRDA:4,0,0,0
BRDA:4,0,1,0
BRF:2
BRH:0
end_of_record
TN:
SF:/Users/anthonyng/Desktop/Projects/pomodoro_timer/src/utility/webworker.js
FN:4,startTimer
FN:9,tick
FN:25,stopTimer
FN:29,(anonymous_3)
FNF:4
FNH:0
FNDA:0,startTimer
FNDA:0,tick
FNDA:0,stopTimer
FNDA:0,(anonymous_3)
DA:1,0
DA:2,0
DA:4,0
DA:5,0
DA:6,0
DA:9,0
DA:10,0
DA:12,0
DA:17,0
DA:18,0
DA:19,0
DA:25,0
DA:26,0
DA:29,0
DA:30,0
DA:32,0
DA:33,0
DA:35,0
DA:36,0
DA:38,0
LF:20
LH:0
BRDA:4,0,0,0
BRDA:4,0,1,0
BRDA:4,1,0,0
BRDA:4,1,1,0
BRDA:17,2,0,0
BRDA:17,2,1,0
BRDA:30,3,0,0
BRDA:30,3,1,0
BRDA:30,3,2,0
BRF:9
BRH:0
end_of_record
TN:
SF:/Users/anthonyng/Desktop/Projects/pomodoro_timer/src/utility/webworkerWrapper.js
FNF:0
FNH:0
DA:1,0
LF:1
LH:0
BRF:0
BRH:0
end_of_record
